TN:
SF:src\services\AlertTierSystem.ts
FN:33,(anonymous_0)
FN:40,(anonymous_1)
FN:101,(anonymous_2)
FN:122,(anonymous_3)
FN:141,(anonymous_4)
FN:151,(anonymous_5)
FN:163,(anonymous_6)
FN:164,(anonymous_7)
FN:176,(anonymous_8)
FN:186,(anonymous_9)
FN:192,(anonymous_10)
FN:214,(anonymous_11)
FN:238,(anonymous_12)
FNF:13
FNH:0
FNDA:0,(anonymous_0)
FNDA:0,(anonymous_1)
FNDA:0,(anonymous_2)
FNDA:0,(anonymous_3)
FNDA:0,(anonymous_4)
FNDA:0,(anonymous_5)
FNDA:0,(anonymous_6)
FNDA:0,(anonymous_7)
FNDA:0,(anonymous_8)
FNDA:0,(anonymous_9)
FNDA:0,(anonymous_10)
FNDA:0,(anonymous_11)
FNDA:0,(anonymous_12)
DA:25,0
DA:28,0
DA:34,0
DA:54,0
DA:55,0
DA:62,0
DA:63,0
DA:64,0
DA:71,0
DA:88,0
DA:90,0
DA:92,0
DA:102,0
DA:104,0
DA:105,0
DA:107,0
DA:108,0
DA:111,0
DA:112,0
DA:116,0
DA:123,0
DA:127,0
DA:134,0
DA:135,0
DA:142,0
DA:152,0
DA:154,0
DA:161,0
DA:162,0
DA:163,0
DA:166,0
DA:167,0
DA:169,0
DA:177,0
DA:185,0
DA:186,0
DA:200,0
DA:222,0
DA:224,0
DA:244,0
LF:40
LH:0
BRDA:54,0,0,0
BRDA:54,0,1,0
BRDA:54,1,0,0
BRDA:54,1,1,0
BRDA:63,2,0,0
BRDA:63,2,1,0
BRDA:82,3,0,0
BRDA:82,3,1,0
BRDA:102,4,0,0
BRDA:102,4,1,0
BRDA:111,5,0,0
BRDA:111,5,1,0
BRDA:112,6,0,0
BRDA:112,6,1,0
BRDA:116,7,0,0
BRDA:116,7,1,0
BRDA:166,8,0,0
BRDA:166,8,1,0
BRDA:166,9,0,0
BRDA:166,9,1,0
BRDA:222,10,0,0
BRDA:222,10,1,0
BRF:22
BRH:0
end_of_record
TN:
SF:src\services\AuditLogger.ts
FN:21,(anonymous_0)
FN:58,(anonymous_1)
FN:76,(anonymous_2)
FN:96,(anonymous_3)
FN:116,(anonymous_4)
FN:137,(anonymous_5)
FN:159,(anonymous_6)
FN:180,(anonymous_7)
FN:201,(anonymous_8)
FN:220,(anonymous_9)
FNF:10
FNH:0
FNDA:0,(anonymous_0)
FNDA:0,(anonymous_1)
FNDA:0,(anonymous_2)
FNDA:0,(anonymous_3)
FNDA:0,(anonymous_4)
FNDA:0,(anonymous_5)
FNDA:0,(anonymous_6)
FNDA:0,(anonymous_7)
FNDA:0,(anonymous_8)
FNDA:0,(anonymous_9)
DA:13,0
DA:16,0
DA:31,0
DA:45,0
DA:46,0
DA:47,0
DA:48,0
DA:50,0
DA:51,0
DA:63,0
DA:82,0
DA:102,0
DA:123,0
DA:145,0
DA:166,0
DA:187,0
DA:207,0
DA:221,0
LF:18
LH:0
BRF:0
BRH:0
end_of_record
TN:
SF:src\services\ClerkingAutoFillService.ts
FN:14,(anonymous_0)
FN:23,(anonymous_1)
FN:26,(anonymous_2)
FN:40,(anonymous_3)
FN:58,(anonymous_4)
FN:74,(anonymous_5)
FN:87,(anonymous_6)
FN:96,(anonymous_7)
FN:111,(anonymous_8)
FN:125,(anonymous_9)
FN:139,(anonymous_10)
FN:163,(anonymous_11)
FN:254,(anonymous_12)
FN:259,(anonymous_13)
FN:264,(anonymous_14)
FN:273,(anonymous_15)
FN:282,(anonymous_16)
FNF:17
FNH:0
FNDA:0,(anonymous_0)
FNDA:0,(anonymous_1)
FNDA:0,(anonymous_2)
FNDA:0,(anonymous_3)
FNDA:0,(anonymous_4)
FNDA:0,(anonymous_5)
FNDA:0,(anonymous_6)
FNDA:0,(anonymous_7)
FNDA:0,(anonymous_8)
FNDA:0,(anonymous_9)
FNDA:0,(anonymous_10)
FNDA:0,(anonymous_11)
FNDA:0,(anonymous_12)
FNDA:0,(anonymous_13)
FNDA:0,(anonymous_14)
FNDA:0,(anonymous_15)
FNDA:0,(anonymous_16)
DA:19,0
DA:20,0
DA:21,0
DA:23,0
DA:26,0
DA:27,0
DA:28,0
DA:29,0
DA:30,0
DA:31,0
DA:32,0
DA:33,0
DA:34,0
DA:38,0
DA:41,0
DA:47,0
DA:48,0
DA:49,0
DA:50,0
DA:51,0
DA:52,0
DA:53,0
DA:54,0
DA:58,0
DA:59,0
DA:60,0
DA:61,0
DA:62,0
DA:63,0
DA:64,0
DA:65,0
DA:66,0
DA:67,0
DA:68,0
DA:69,0
DA:73,0
DA:74,0
DA:76,0
DA:77,0
DA:78,0
DA:79,0
DA:80,0
DA:81,0
DA:82,0
DA:83,0
DA:87,0
DA:88,0
DA:89,0
DA:90,0
DA:91,0
DA:92,0
DA:96,0
DA:97,0
DA:98,0
DA:99,0
DA:100,0
DA:101,0
DA:102,0
DA:103,0
DA:104,0
DA:105,0
DA:106,0
DA:110,0
DA:111,0
DA:113,0
DA:114,0
DA:115,0
DA:116,0
DA:117,0
DA:118,0
DA:119,0
DA:120,0
DA:121,0
DA:125,0
DA:126,0
DA:127,0
DA:128,0
DA:129,0
DA:130,0
DA:131,0
DA:132,0
DA:133,0
DA:137,0
DA:139,0
DA:142,0
DA:143,0
DA:144,0
DA:145,0
DA:146,0
DA:147,0
DA:148,0
DA:149,0
DA:150,0
DA:153,0
DA:173,0
DA:176,0
DA:177,0
DA:186,0
DA:188,0
DA:189,0
DA:198,0
DA:199,0
DA:208,0
DA:209,0
DA:218,0
DA:219,0
DA:228,0
DA:229,0
DA:238,0
DA:239,0
DA:248,0
DA:259,0
DA:261,0
DA:265,0
DA:274,0
DA:283,0
LF:116
LH:0
BRDA:26,0,0,0
BRDA:26,0,1,0
BRDA:26,1,0,0
BRDA:26,1,1,0
BRDA:38,2,0,0
BRDA:38,2,1,0
BRDA:41,3,0,0
BRDA:41,3,1,0
BRDA:41,3,2,0
BRDA:41,3,3,0
BRDA:58,4,0,0
BRDA:58,4,1,0
BRDA:58,5,0,0
BRDA:58,5,1,0
BRDA:73,6,0,0
BRDA:73,6,1,0
BRDA:74,7,0,0
BRDA:74,7,1,0
BRDA:87,8,0,0
BRDA:87,8,1,0
BRDA:87,9,0,0
BRDA:87,9,1,0
BRDA:96,10,0,0
BRDA:96,10,1,0
BRDA:96,11,0,0
BRDA:96,11,1,0
BRDA:96,11,2,0
BRDA:110,12,0,0
BRDA:110,12,1,0
BRDA:111,13,0,0
BRDA:111,13,1,0
BRDA:111,13,2,0
BRDA:125,14,0,0
BRDA:125,14,1,0
BRDA:125,15,0,0
BRDA:125,15,1,0
BRDA:137,16,0,0
BRDA:137,16,1,0
BRDA:139,17,0,0
BRDA:139,17,1,0
BRDA:139,17,2,0
BRDA:176,18,0,0
BRDA:176,18,1,0
BRDA:176,19,0,0
BRDA:176,19,1,0
BRDA:186,20,0,0
BRDA:186,20,1,0
BRDA:188,21,0,0
BRDA:188,21,1,0
BRDA:188,22,0,0
BRDA:188,22,1,0
BRDA:191,23,0,0
BRDA:191,23,1,0
BRDA:198,24,0,0
BRDA:198,24,1,0
BRDA:198,25,0,0
BRDA:198,25,1,0
BRDA:201,26,0,0
BRDA:201,26,1,0
BRDA:208,27,0,0
BRDA:208,27,1,0
BRDA:208,28,0,0
BRDA:208,28,1,0
BRDA:211,29,0,0
BRDA:211,29,1,0
BRDA:218,30,0,0
BRDA:218,30,1,0
BRDA:218,31,0,0
BRDA:218,31,1,0
BRDA:221,32,0,0
BRDA:221,32,1,0
BRDA:228,33,0,0
BRDA:228,33,1,0
BRDA:228,34,0,0
BRDA:228,34,1,0
BRDA:231,35,0,0
BRDA:231,35,1,0
BRDA:238,36,0,0
BRDA:238,36,1,0
BRDA:238,37,0,0
BRDA:238,37,1,0
BRDA:241,38,0,0
BRDA:241,38,1,0
BRDA:265,39,0,0
BRDA:265,39,1,0
BRDA:265,39,2,0
BRDA:265,39,3,0
BRDA:274,40,0,0
BRDA:274,40,1,0
BRDA:274,40,2,0
BRDA:274,40,3,0
BRDA:283,41,0,0
BRDA:283,41,1,0
BRDA:283,41,2,0
BRDA:283,41,3,0
BRF:95
BRH:0
end_of_record
TN:
SF:src\services\ClinicalAIService.ts
FN:93,(anonymous_0)
FN:100,(anonymous_1)
FN:104,(anonymous_2)
FN:157,(anonymous_3)
FN:161,(anonymous_4)
FN:176,(anonymous_5)
FNF:6
FNH:0
FNDA:0,(anonymous_0)
FNDA:0,(anonymous_1)
FNDA:0,(anonymous_2)
FNDA:0,(anonymous_3)
FNDA:0,(anonymous_4)
FNDA:0,(anonymous_5)
DA:90,0
DA:94,0
DA:95,0
DA:96,0
DA:101,0
DA:108,0
DA:109,0
DA:114,0
DA:120,0
DA:123,0
DA:124,0
DA:127,0
DA:128,0
DA:129,0
DA:134,0
DA:135,0
DA:136,0
DA:137,0
DA:138,0
DA:139,0
DA:149,0
DA:152,0
DA:153,0
DA:158,0
DA:162,0
DA:175,0
DA:176,0
DA:180,0
LF:28
LH:0
BRDA:94,0,0,0
BRDA:94,0,1,0
BRDA:128,1,0,0
BRDA:128,1,1,0
BRDA:136,2,0,0
BRDA:136,2,1,0
BRDA:138,3,0,0
BRDA:138,3,1,0
BRDA:138,4,0,0
BRDA:138,4,1,0
BRDA:141,5,0,0
BRDA:141,5,1,0
BRDA:152,6,0,0
BRDA:152,6,1,0
BRF:14
BRH:0
end_of_record
TN:
SF:src\services\DataSubscriptionManager.ts
FN:14,updateDataSubscriptions
FN:41,subscribeToPatientList
FN:43,(anonymous_2)
FN:50,subscribeToVitals
FN:52,(anonymous_4)
FN:58,(anonymous_5)
FN:64,(anonymous_6)
FN:74,subscribeToPatientHistory
FN:76,(anonymous_8)
FN:83,teardownSubscriptions
FNF:10
FNH:0
FNDA:0,updateDataSubscriptions
FNDA:0,subscribeToPatientList
FNDA:0,(anonymous_2)
FNDA:0,subscribeToVitals
FNDA:0,(anonymous_4)
FNDA:0,(anonymous_5)
FNDA:0,(anonymous_6)
FNDA:0,subscribeToPatientHistory
FNDA:0,(anonymous_8)
FNDA:0,teardownSubscriptions
DA:11,0
DA:12,0
DA:20,0
DA:22,0
DA:24,0
DA:25,0
DA:28,0
DA:29,0
DA:31,0
DA:34,0
DA:35,0
DA:37,0
DA:43,0
DA:47,0
DA:52,0
DA:57,0
DA:58,0
DA:63,0
DA:65,0
DA:66,0
DA:67,0
DA:68,0
DA:76,0
DA:80,0
DA:84,0
DA:85,0
DA:87,0
DA:88,0
DA:89,0
DA:90,0
LF:30
LH:0
BRDA:22,0,0,0
BRDA:22,0,1,0
BRDA:22,0,2,0
BRDA:28,1,0,0
BRDA:28,1,1,0
BRDA:34,2,0,0
BRDA:34,2,1,0
BRDA:57,3,0,0
BRDA:57,3,1,0
BRDA:66,4,0,0
BRDA:66,4,1,0
BRDA:88,5,0,0
BRDA:88,5,1,0
BRF:13
BRH:0
end_of_record
TN:
SF:src\services\LabAnalysisService.ts
FN:14,(anonymous_0)
FN:42,(anonymous_1)
FN:63,(anonymous_2)
FN:70,(anonymous_3)
FN:85,(anonymous_4)
FN:92,(anonymous_5)
FN:111,(anonymous_6)
FN:121,(anonymous_7)
FN:127,(anonymous_8)
FN:133,(anonymous_9)
FN:162,(anonymous_10)
FN:165,(anonymous_11)
FN:177,(anonymous_12)
FNF:13
FNH:0
FNDA:0,(anonymous_0)
FNDA:0,(anonymous_1)
FNDA:0,(anonymous_2)
FNDA:0,(anonymous_3)
FNDA:0,(anonymous_4)
FNDA:0,(anonymous_5)
FNDA:0,(anonymous_6)
FNDA:0,(anonymous_7)
FNDA:0,(anonymous_8)
FNDA:0,(anonymous_9)
FNDA:0,(anonymous_10)
FNDA:0,(anonymous_11)
FNDA:0,(anonymous_12)
DA:15,0
DA:16,0
DA:17,0
DA:18,0
DA:19,0
DA:21,0
DA:37,0
DA:38,0
DA:43,0
DA:47,0
DA:52,0
DA:57,0
DA:64,0
DA:65,0
DA:67,0
DA:68,0
DA:70,0
DA:71,0
DA:72,0
DA:82,0
DA:89,0
DA:92,0
DA:95,0
DA:107,0
DA:108,0
DA:110,0
DA:111,0
DA:112,0
DA:113,0
DA:114,0
DA:118,0
DA:125,0
DA:127,0
DA:132,0
DA:133,0
DA:134,0
DA:135,0
DA:136,0
DA:137,0
DA:141,0
DA:142,0
DA:147,0
DA:148,0
DA:149,0
DA:150,0
DA:151,0
DA:152,0
DA:153,0
DA:159,0
DA:163,0
DA:165,0
DA:166,0
DA:168,0
DA:169,0
DA:170,0
DA:172,0
DA:174,0
DA:178,0
DA:180,0
DA:181,0
DA:182,0
DA:183,0
DA:184,0
DA:185,0
DA:186,0
DA:187,0
DA:190,0
DA:194,0
LF:68
LH:0
BRDA:43,0,0,0
BRDA:43,0,1,0
BRDA:68,1,0,0
BRDA:68,1,1,0
BRDA:68,2,0,0
BRDA:68,2,1,0
BRDA:71,3,0,0
BRDA:71,3,1,0
BRDA:71,4,0,0
BRDA:71,4,1,0
BRDA:71,4,2,0
BRDA:75,5,0,0
BRDA:75,5,1,0
BRDA:75,6,0,0
BRDA:75,6,1,0
BRDA:76,7,0,0
BRDA:76,7,1,0
BRDA:76,8,0,0
BRDA:76,8,1,0
BRDA:112,9,0,0
BRDA:112,9,1,0
BRDA:112,10,0,0
BRDA:112,10,1,0
BRDA:132,11,0,0
BRDA:132,11,1,0
BRDA:134,12,0,0
BRDA:134,12,1,0
BRDA:135,13,0,0
BRDA:135,13,1,0
BRDA:137,14,0,0
BRDA:137,14,1,0
BRDA:141,15,0,0
BRDA:141,15,1,0
BRDA:149,16,0,0
BRDA:149,16,1,0
BRDA:151,17,0,0
BRDA:151,17,1,0
BRDA:163,18,0,0
BRDA:163,18,1,0
BRDA:163,19,0,0
BRDA:163,19,1,0
BRDA:166,20,0,0
BRDA:166,20,1,0
BRDA:172,21,0,0
BRDA:172,21,1,0
BRDA:172,22,0,0
BRDA:172,22,1,0
BRDA:172,22,2,0
BRDA:174,23,0,0
BRDA:174,23,1,0
BRDA:178,24,0,0
BRDA:178,24,1,0
BRDA:183,25,0,0
BRDA:183,25,1,0
BRDA:183,26,0,0
BRDA:183,26,1,0
BRDA:184,27,0,0
BRDA:184,27,1,0
BRDA:184,28,0,0
BRDA:184,28,1,0
BRDA:185,29,0,0
BRDA:185,29,1,0
BRDA:185,30,0,0
BRDA:185,30,1,0
BRDA:186,31,0,0
BRDA:186,31,1,0
BRDA:186,32,0,0
BRDA:186,32,1,0
BRF:68
BRH:0
end_of_record
TN:
SF:src\services\MetricsTracker.ts
FN:28,(anonymous_0)
FN:61,(anonymous_1)
FN:86,(anonymous_2)
FN:114,(anonymous_3)
FN:139,(anonymous_4)
FN:146,(anonymous_5)
FN:165,(anonymous_6)
FN:181,(anonymous_7)
FN:198,(anonymous_8)
FN:198,(anonymous_9)
FN:199,(anonymous_10)
FN:208,(anonymous_11)
FN:209,(anonymous_12)
FN:211,(anonymous_13)
FN:212,(anonymous_14)
FN:241,(anonymous_15)
FN:252,(anonymous_16)
FN:255,(anonymous_17)
FNF:18
FNH:0
FNDA:0,(anonymous_0)
FNDA:0,(anonymous_1)
FNDA:0,(anonymous_2)
FNDA:0,(anonymous_3)
FNDA:0,(anonymous_4)
FNDA:0,(anonymous_5)
FNDA:0,(anonymous_6)
FNDA:0,(anonymous_7)
FNDA:0,(anonymous_8)
FNDA:0,(anonymous_9)
FNDA:0,(anonymous_10)
FNDA:0,(anonymous_11)
FNDA:0,(anonymous_12)
FNDA:0,(anonymous_13)
FNDA:0,(anonymous_14)
FNDA:0,(anonymous_15)
FNDA:0,(anonymous_16)
FNDA:0,(anonymous_17)
DA:22,0
DA:37,0
DA:48,0
DA:49,0
DA:50,0
DA:51,0
DA:53,0
DA:54,0
DA:68,0
DA:70,0
DA:94,0
DA:97,0
DA:121,0
DA:123,0
DA:145,0
DA:146,0
DA:147,0
DA:149,0
DA:169,0
DA:170,0
DA:171,0
DA:173,0
DA:180,0
DA:181,0
DA:183,0
DA:184,0
DA:198,0
DA:199,0
DA:200,0
DA:201,0
DA:202,0
DA:203,0
DA:204,0
DA:207,0
DA:208,0
DA:209,0
DA:211,0
DA:212,0
DA:215,0
DA:219,0
DA:220,0
DA:222,0
DA:225,0
DA:244,0
DA:251,0
DA:252,0
DA:255,0
DA:256,0
DA:257,0
LF:49
LH:0
BRDA:146,0,0,0
BRDA:146,0,1,0
BRDA:167,1,0,0
BRDA:169,2,0,0
BRDA:169,2,1,0
BRDA:183,3,0,0
BRDA:183,3,1,0
BRDA:219,4,0,0
BRDA:219,4,1,0
BRDA:220,5,0,0
BRDA:220,5,1,0
BRDA:220,6,0,0
BRDA:220,6,1,0
BRDA:222,7,0,0
BRDA:222,7,1,0
BRDA:222,8,0,0
BRDA:222,8,1,0
BRDA:242,9,0,0
BRF:18
BRH:0
end_of_record
TN:
SF:src\services\NoteSigningService.ts
FN:19,(anonymous_0)
FN:66,(anonymous_1)
FN:139,(anonymous_2)
FN:160,(anonymous_3)
FN:168,(anonymous_4)
FNF:5
FNH:0
FNDA:0,(anonymous_0)
FNDA:0,(anonymous_1)
FNDA:0,(anonymous_2)
FNDA:0,(anonymous_3)
FNDA:0,(anonymous_4)
DA:24,0
DA:26,0
DA:27,0
DA:29,0
DA:30,0
DA:33,0
DA:36,0
DA:39,0
DA:49,0
DA:51,0
DA:53,0
DA:55,0
DA:56,0
DA:73,0
DA:75,0
DA:76,0
DA:78,0
DA:79,0
DA:82,0
DA:87,0
DA:88,0
DA:92,0
DA:104,0
DA:105,0
DA:114,0
DA:123,0
DA:125,0
DA:127,0
DA:128,0
DA:141,0
DA:156,0
DA:157,0
DA:158,0
DA:159,0
DA:160,0
DA:162,0
DA:171,0
DA:172,0
DA:175,0
DA:176,0
DA:178,0
DA:179,0
DA:181,0
DA:187,0
LF:44
LH:0
BRDA:29,0,0,0
BRDA:29,0,1,0
BRDA:58,1,0,0
BRDA:58,1,1,0
BRDA:78,2,0,0
BRDA:78,2,1,0
BRDA:87,3,0,0
BRDA:87,3,1,0
BRDA:104,4,0,0
BRDA:104,4,1,0
BRDA:130,5,0,0
BRDA:130,5,1,0
BRDA:171,6,0,0
BRDA:171,6,1,0
BRDA:178,7,0,0
BRDA:178,7,1,0
BRDA:189,8,0,0
BRDA:189,8,1,0
BRF:18
BRH:0
end_of_record
TN:
SF:src\services\NotificationService.ts
FN:28,(anonymous_0)
FN:42,(anonymous_1)
FN:52,(anonymous_2)
FN:61,(anonymous_3)
FN:67,(anonymous_4)
FN:77,(anonymous_5)
FN:83,(anonymous_6)
FN:93,(anonymous_7)
FNF:8
FNH:0
FNDA:0,(anonymous_0)
FNDA:0,(anonymous_1)
FNDA:0,(anonymous_2)
FNDA:0,(anonymous_3)
FNDA:0,(anonymous_4)
FNDA:0,(anonymous_5)
FNDA:0,(anonymous_6)
FNDA:0,(anonymous_7)
DA:22,0
DA:29,0
DA:34,0
DA:35,0
DA:36,0
DA:43,0
DA:44,0
DA:53,0
DA:60,0
DA:61,0
DA:68,0
DA:74,0
DA:75,0
DA:77,0
DA:84,0
DA:92,0
DA:93,0
LF:17
LH:0
BRDA:67,0,0,0
BRF:1
BRH:0
end_of_record
TN:
SF:src\services\OfflineQueue.ts
FN:26,(anonymous_0)
FN:27,(anonymous_1)
FN:35,(anonymous_2)
FN:44,(anonymous_3)
FN:50,(anonymous_4)
FN:56,(anonymous_5)
FN:57,(anonymous_6)
FN:63,(anonymous_7)
FN:69,(anonymous_8)
FN:93,(anonymous_9)
FN:126,(anonymous_10)
FN:130,(anonymous_11)
FN:170,(anonymous_12)
FN:180,(anonymous_13)
FN:182,(anonymous_14)
FN:183,(anonymous_15)
FN:187,(anonymous_16)
FN:189,(anonymous_17)
FN:192,(anonymous_18)
FN:197,(anonymous_19)
FN:202,(anonymous_20)
FN:203,(anonymous_21)
FN:208,(anonymous_22)
FN:209,(anonymous_23)
FN:213,(anonymous_24)
FN:214,(anonymous_25)
FN:219,(anonymous_26)
FN:220,(anonymous_27)
FN:224,(anonymous_28)
FN:225,(anonymous_29)
FN:231,(anonymous_30)
FN:232,(anonymous_31)
FNF:32
FNH:0
FNDA:0,(anonymous_0)
FNDA:0,(anonymous_1)
FNDA:0,(anonymous_2)
FNDA:0,(anonymous_3)
FNDA:0,(anonymous_4)
FNDA:0,(anonymous_5)
FNDA:0,(anonymous_6)
FNDA:0,(anonymous_7)
FNDA:0,(anonymous_8)
FNDA:0,(anonymous_9)
FNDA:0,(anonymous_10)
FNDA:0,(anonymous_11)
FNDA:0,(anonymous_12)
FNDA:0,(anonymous_13)
FNDA:0,(anonymous_14)
FNDA:0,(anonymous_15)
FNDA:0,(anonymous_16)
FNDA:0,(anonymous_17)
FNDA:0,(anonymous_18)
FNDA:0,(anonymous_19)
FNDA:0,(anonymous_20)
FNDA:0,(anonymous_21)
FNDA:0,(anonymous_22)
FNDA:0,(anonymous_23)
FNDA:0,(anonymous_24)
FNDA:0,(anonymous_25)
FNDA:0,(anonymous_26)
FNDA:0,(anonymous_27)
FNDA:0,(anonymous_28)
FNDA:0,(anonymous_29)
FNDA:0,(anonymous_30)
FNDA:0,(anonymous_31)
DA:15,0
DA:16,0
DA:17,0
DA:18,0
DA:21,0
DA:22,0
DA:23,0
DA:24,0
DA:27,0
DA:28,0
DA:29,0
DA:30,0
DA:33,0
DA:35,0
DA:36,0
DA:37,0
DA:38,0
DA:39,0
DA:40,0
DA:44,0
DA:45,0
DA:46,0
DA:47,0
DA:50,0
DA:51,0
DA:57,0
DA:58,0
DA:59,0
DA:60,0
DA:63,0
DA:64,0
DA:65,0
DA:70,0
DA:79,0
DA:80,0
DA:83,0
DA:86,0
DA:87,0
DA:90,0
DA:94,0
DA:95,0
DA:97,0
DA:98,0
DA:100,0
DA:101,0
DA:102,0
DA:103,0
DA:105,0
DA:108,0
DA:110,0
DA:111,0
DA:112,0
DA:113,0
DA:115,0
DA:117,0
DA:121,0
DA:122,0
DA:128,0
DA:129,0
DA:130,0
DA:133,0
DA:135,0
DA:137,0
DA:141,0
DA:144,0
DA:148,0
DA:151,0
DA:156,0
DA:159,0
DA:163,0
DA:166,0
DA:171,0
DA:172,0
DA:173,0
DA:181,0
DA:182,0
DA:183,0
DA:188,0
DA:189,0
DA:193,0
DA:194,0
DA:198,0
DA:199,0
DA:203,0
DA:204,0
DA:205,0
DA:206,0
DA:207,0
DA:208,0
DA:209,0
DA:214,0
DA:215,0
DA:216,0
DA:217,0
DA:218,0
DA:219,0
DA:220,0
DA:225,0
DA:226,0
DA:227,0
DA:228,0
DA:229,0
DA:230,0
DA:231,0
DA:232,0
DA:243,0
LF:106
LH:0
BRDA:28,0,0,0
BRDA:28,0,1,0
BRDA:37,1,0,0
BRDA:37,1,1,0
BRDA:79,2,0,0
BRDA:79,2,1,0
BRDA:86,3,0,0
BRDA:86,3,1,0
BRDA:94,4,0,0
BRDA:94,4,1,0
BRDA:94,5,0,0
BRDA:94,5,1,0
BRDA:94,5,2,0
BRDA:111,6,0,0
BRDA:111,6,1,0
BRDA:128,7,0,0
BRDA:128,7,1,0
BRDA:135,8,0,0
BRDA:135,8,1,0
BRDA:135,8,2,0
BRDA:135,8,3,0
BRDA:135,8,4,0
BRDA:193,9,0,0
BRDA:193,9,1,0
BRDA:198,10,0,0
BRDA:198,10,1,0
BRDA:204,11,0,0
BRDA:204,11,1,0
BRDA:215,12,0,0
BRDA:215,12,1,0
BRDA:226,13,0,0
BRDA:226,13,1,0
BRDA:231,14,0,0
BRDA:231,14,1,0
BRF:34
BRH:0
end_of_record
TN:
SF:src\services\PatientStateManager.ts
FN:19,(anonymous_0)
FN:54,(anonymous_1)
FN:100,(anonymous_2)
FNF:3
FNH:0
FNDA:0,(anonymous_0)
FNDA:0,(anonymous_1)
FNDA:0,(anonymous_2)
DA:23,0
DA:25,0
DA:26,0
DA:33,0
DA:36,0
DA:37,0
DA:41,0
DA:42,0
DA:45,0
DA:62,0
DA:63,0
DA:64,0
DA:68,0
DA:80,0
DA:91,0
DA:101,0
LF:16
LH:0
BRDA:25,0,0,0
BRDA:25,0,1,0
BRDA:36,1,0,0
BRDA:36,1,1,0
BRDA:36,2,0,0
BRDA:36,2,1,0
BRDA:41,3,0,0
BRDA:41,3,1,0
BRDA:41,4,0,0
BRDA:41,4,1,0
BRDA:47,5,0,0
BRDA:47,5,1,0
BRDA:63,6,0,0
BRDA:63,6,1,0
BRDA:85,7,0,0
BRDA:85,7,1,0
BRF:16
BRH:0
end_of_record
TN:
SF:src\services\RemoteConfigService.ts
FN:27,(anonymous_0)
FN:43,(anonymous_1)
FN:49,(anonymous_2)
FN:55,(anonymous_3)
FN:68,(anonymous_4)
FN:72,(anonymous_5)
FN:77,(anonymous_6)
FN:82,(anonymous_7)
FN:86,(anonymous_8)
FN:90,(anonymous_9)
FN:95,(anonymous_10)
FN:98,(anonymous_11)
FNF:12
FNH:0
FNDA:0,(anonymous_0)
FNDA:0,(anonymous_1)
FNDA:0,(anonymous_2)
FNDA:0,(anonymous_3)
FNDA:0,(anonymous_4)
FNDA:0,(anonymous_5)
FNDA:0,(anonymous_6)
FNDA:0,(anonymous_7)
FNDA:0,(anonymous_8)
FNDA:0,(anonymous_9)
FNDA:0,(anonymous_10)
FNDA:0,(anonymous_11)
DA:13,0
DA:24,0
DA:25,0
DA:28,0
DA:30,0
DA:36,0
DA:38,0
DA:39,0
DA:44,0
DA:45,0
DA:46,0
DA:50,0
DA:51,0
DA:52,0
DA:56,0
DA:57,0
DA:61,0
DA:65,0
DA:66,0
DA:69,0
DA:73,0
DA:74,0
DA:77,0
DA:79,0
DA:83,0
DA:87,0
DA:88,0
DA:89,0
DA:90,0
DA:91,0
DA:92,0
DA:96,0
DA:97,0
DA:98,0
DA:99,0
DA:103,0
LF:36
LH:0
BRDA:28,0,0,0
BRDA:28,0,1,0
BRDA:87,1,0,0
BRDA:87,1,1,0
BRDA:91,2,0,0
BRDA:91,2,1,0
BRF:6
BRH:0
end_of_record
TN:
SF:src\services\SBARGenerator.ts
FN:33,(anonymous_0)
FN:53,(anonymous_1)
FN:66,(anonymous_2)
FN:97,(anonymous_3)
FN:127,(anonymous_4)
FN:128,(anonymous_5)
FN:132,(anonymous_6)
FN:132,(anonymous_7)
FN:133,(anonymous_8)
FN:148,(anonymous_9)
FN:184,(anonymous_10)
FN:196,(anonymous_11)
FN:227,(anonymous_12)
FN:234,(anonymous_13)
FN:235,(anonymous_14)
FN:239,(anonymous_15)
FN:239,(anonymous_16)
FN:240,(anonymous_17)
FN:251,(anonymous_18)
FN:255,(anonymous_19)
FN:259,(anonymous_20)
FN:269,(anonymous_21)
FN:288,(anonymous_22)
FNF:23
FNH:0
FNDA:0,(anonymous_0)
FNDA:0,(anonymous_1)
FNDA:0,(anonymous_2)
FNDA:0,(anonymous_3)
FNDA:0,(anonymous_4)
FNDA:0,(anonymous_5)
FNDA:0,(anonymous_6)
FNDA:0,(anonymous_7)
FNDA:0,(anonymous_8)
FNDA:0,(anonymous_9)
FNDA:0,(anonymous_10)
FNDA:0,(anonymous_11)
FNDA:0,(anonymous_12)
FNDA:0,(anonymous_13)
FNDA:0,(anonymous_14)
FNDA:0,(anonymous_15)
FNDA:0,(anonymous_16)
FNDA:0,(anonymous_17)
FNDA:0,(anonymous_18)
FNDA:0,(anonymous_19)
FNDA:0,(anonymous_20)
FNDA:0,(anonymous_21)
FNDA:0,(anonymous_22)
DA:38,0
DA:40,0
DA:54,0
DA:57,0
DA:58,0
DA:59,0
DA:60,0
DA:61,0
DA:64,0
DA:65,0
DA:66,0
DA:67,0
DA:69,0
DA:73,0
DA:74,0
DA:75,0
DA:77,0
DA:78,0
DA:79,0
DA:81,0
DA:82,0
DA:83,0
DA:85,0
DA:86,0
DA:87,0
DA:89,0
DA:91,0
DA:102,0
DA:105,0
DA:106,0
DA:116,0
DA:117,0
DA:127,0
DA:128,0
DA:130,0
DA:131,0
DA:132,0
DA:133,0
DA:136,0
DA:146,0
DA:147,0
DA:148,0
DA:149,0
DA:151,0
DA:154,0
DA:157,0
DA:158,0
DA:168,0
DA:169,0
DA:178,0
DA:185,0
DA:188,0
DA:190,0
DA:197,0
DA:200,0
DA:201,0
DA:202,0
DA:203,0
DA:207,0
DA:208,0
DA:210,0
DA:214,0
DA:215,0
DA:217,0
DA:218,0
DA:221,0
DA:228,0
DA:231,0
DA:234,0
DA:235,0
DA:237,0
DA:238,0
DA:239,0
DA:240,0
DA:242,0
DA:245,0
DA:252,0
DA:255,0
DA:256,0
DA:257,0
DA:259,0
DA:261,0
DA:262,0
DA:263,0
DA:268,0
DA:269,0
DA:271,0
DA:272,0
DA:278,0
DA:279,0
DA:282,0
DA:289,0
DA:290,0
DA:291,0
DA:292,0
DA:293,0
DA:294,0
DA:296,0
LF:98
LH:0
BRDA:35,0,0,0
BRDA:36,1,0,0
BRDA:64,2,0,0
BRDA:64,2,1,0
BRDA:105,3,0,0
BRDA:105,3,1,0
BRDA:105,4,0,0
BRDA:105,4,1,0
BRDA:116,5,0,0
BRDA:116,5,1,0
BRDA:116,6,0,0
BRDA:116,6,1,0
BRDA:128,7,0,0
BRDA:128,7,1,0
BRDA:130,8,0,0
BRDA:130,8,1,0
BRDA:132,9,0,0
BRDA:132,9,1,0
BRDA:132,10,0,0
BRDA:132,10,1,0
BRDA:149,11,0,0
BRDA:149,11,1,0
BRDA:149,12,0,0
BRDA:149,12,1,0
BRDA:151,13,0,0
BRDA:151,13,1,0
BRDA:151,14,0,0
BRDA:151,14,1,0
BRDA:157,15,0,0
BRDA:157,15,1,0
BRDA:168,16,0,0
BRDA:168,16,1,0
BRDA:168,17,0,0
BRDA:168,17,1,0
BRDA:185,18,0,0
BRDA:185,18,1,0
BRDA:188,19,0,0
BRDA:188,19,1,0
BRDA:188,20,0,0
BRDA:188,20,1,0
BRDA:190,21,0,0
BRDA:190,21,1,0
BRDA:190,22,0,0
BRDA:190,22,1,0
BRDA:190,23,0,0
BRDA:190,23,1,0
BRDA:200,24,0,0
BRDA:200,24,1,0
BRDA:200,25,0,0
BRDA:200,25,1,0
BRDA:202,26,0,0
BRDA:202,26,1,0
BRDA:207,27,0,0
BRDA:207,27,1,0
BRDA:207,28,0,0
BRDA:207,28,1,0
BRDA:214,29,0,0
BRDA:214,29,1,0
BRDA:217,30,0,0
BRDA:217,30,1,0
BRDA:231,31,0,0
BRDA:231,31,1,0
BRDA:235,32,0,0
BRDA:235,32,1,0
BRDA:237,33,0,0
BRDA:237,33,1,0
BRDA:239,34,0,0
BRDA:239,34,1,0
BRDA:239,35,0,0
BRDA:239,35,1,0
BRDA:256,36,0,0
BRDA:256,36,1,0
BRDA:262,37,0,0
BRDA:262,37,1,0
BRDA:269,38,0,0
BRDA:269,38,1,0
BRDA:271,39,0,0
BRDA:271,39,1,0
BRDA:278,40,0,0
BRDA:278,40,1,0
BRDA:278,41,0,0
BRDA:278,41,1,0
BRDA:282,42,0,0
BRDA:282,42,1,0
BRDA:289,43,0,0
BRDA:289,43,1,0
BRDA:293,44,0,0
BRDA:293,44,1,0
BRDA:293,45,0,0
BRDA:293,45,1,0
BRDA:293,45,2,0
BRF:91
BRH:0
end_of_record
TN:
SF:src\services\SearchService.ts
FN:29,buildSearchIndex
FN:45,search
FN:55,(anonymous_2)
FN:64,buildPatientItems
FN:65,(anonymous_4)
FN:80,buildCalculatorItems
FN:120,(anonymous_6)
FN:132,buildProtocolItems
FN:133,(anonymous_8)
FN:145,buildDrugItems
FN:146,(anonymous_10)
FN:158,buildUnifiedSearchIndex
FNF:12
FNH:0
FNDA:0,buildSearchIndex
FNDA:0,search
FNDA:0,(anonymous_2)
FNDA:0,buildPatientItems
FNDA:0,(anonymous_4)
FNDA:0,buildCalculatorItems
FNDA:0,(anonymous_6)
FNDA:0,buildProtocolItems
FNDA:0,(anonymous_8)
FNDA:0,buildDrugItems
FNDA:0,(anonymous_10)
FNDA:0,buildUnifiedSearchIndex
DA:30,0
DA:50,0
DA:51,0
DA:54,0
DA:55,0
DA:65,0
DA:82,0
DA:120,0
DA:133,0
DA:146,0
DA:161,0
DA:168,0
LF:12
LH:0
BRDA:48,0,0,0
BRDA:50,1,0,0
BRDA:50,1,1,0
BRDA:50,2,0,0
BRDA:50,2,1,0
BRDA:57,3,0,0
BRDA:57,3,1,0
BRDA:150,4,0,0
BRDA:150,4,1,0
BRF:9
BRH:0
end_of_record
TN:
SF:src\services\SessionResume.ts
FN:26,(anonymous_0)
FN:45,(anonymous_1)
FN:69,(anonymous_2)
FN:76,(anonymous_3)
FN:88,(anonymous_4)
FN:95,(anonymous_5)
FN:102,(anonymous_6)
FN:110,(anonymous_7)
FN:121,(anonymous_8)
FN:129,(anonymous_9)
FN:137,(anonymous_10)
FN:148,(anonymous_11)
FNF:12
FNH:0
FNDA:0,(anonymous_0)
FNDA:0,(anonymous_1)
FNDA:0,(anonymous_2)
FNDA:0,(anonymous_3)
FNDA:0,(anonymous_4)
FNDA:0,(anonymous_5)
FNDA:0,(anonymous_6)
FNDA:0,(anonymous_7)
FNDA:0,(anonymous_8)
FNDA:0,(anonymous_9)
FNDA:0,(anonymous_10)
FNDA:0,(anonymous_11)
DA:8,0
DA:9,0
DA:27,0
DA:29,0
DA:35,0
DA:36,0
DA:38,0
DA:46,0
DA:47,0
DA:48,0
DA:50,0
DA:53,0
DA:54,0
DA:55,0
DA:56,0
DA:59,0
DA:61,0
DA:62,0
DA:70,0
DA:77,0
DA:89,0
DA:96,0
DA:103,0
DA:104,0
DA:111,0
DA:112,0
DA:113,0
DA:115,0
DA:122,0
DA:123,0
DA:130,0
DA:131,0
DA:138,0
DA:139,0
DA:141,0
DA:149,0
LF:36
LH:0
BRDA:27,0,0,0
BRDA:27,0,1,0
BRDA:48,1,0,0
BRDA:48,1,1,0
BRDA:54,2,0,0
BRDA:54,2,1,0
BRDA:104,3,0,0
BRDA:104,3,1,0
BRDA:112,4,0,0
BRDA:112,4,1,0
BRDA:123,5,0,0
BRDA:123,5,1,0
BRDA:131,6,0,0
BRDA:131,6,1,0
BRF:14
BRH:0
end_of_record
TN:
SF:src\services\SmartTextService.ts
FN:91,(anonymous_0)
FN:93,(anonymous_1)
FN:110,(anonymous_2)
FN:120,(anonymous_3)
FN:124,(anonymous_4)
FN:130,(anonymous_5)
FN:135,(anonymous_6)
FN:139,(anonymous_7)
FN:143,(anonymous_8)
FN:144,(anonymous_9)
FN:147,(anonymous_10)
FN:148,(anonymous_11)
FN:156,(anonymous_12)
FN:162,(anonymous_13)
FN:163,(anonymous_14)
FN:166,(anonymous_15)
FN:170,(anonymous_16)
FN:171,(anonymous_17)
FN:174,(anonymous_18)
FN:179,(anonymous_19)
FN:198,(anonymous_20)
FN:199,(anonymous_21)
FNF:22
FNH:0
FNDA:0,(anonymous_0)
FNDA:0,(anonymous_1)
FNDA:0,(anonymous_2)
FNDA:0,(anonymous_3)
FNDA:0,(anonymous_4)
FNDA:0,(anonymous_5)
FNDA:0,(anonymous_6)
FNDA:0,(anonymous_7)
FNDA:0,(anonymous_8)
FNDA:0,(anonymous_9)
FNDA:0,(anonymous_10)
FNDA:0,(anonymous_11)
FNDA:0,(anonymous_12)
FNDA:0,(anonymous_13)
FNDA:0,(anonymous_14)
FNDA:0,(anonymous_15)
FNDA:0,(anonymous_16)
FNDA:0,(anonymous_17)
FNDA:0,(anonymous_18)
FNDA:0,(anonymous_19)
FNDA:0,(anonymous_20)
FNDA:0,(anonymous_21)
DA:14,0
DA:88,0
DA:89,0
DA:93,0
DA:106,0
DA:107,0
DA:108,0
DA:109,0
DA:110,0
DA:121,0
DA:125,0
DA:127,0
DA:128,0
DA:130,0
DA:133,0
DA:136,0
DA:139,0
DA:144,0
DA:148,0
DA:149,0
DA:150,0
DA:151,0
DA:155,0
DA:156,0
DA:157,0
DA:159,0
DA:163,0
DA:167,0
DA:171,0
DA:179,0
DA:180,0
DA:183,0
DA:190,0
DA:195,0
DA:199,0
DA:204,0
LF:36
LH:0
BRDA:107,0,0,0
BRDA:107,0,1,0
BRDA:112,1,0,0
BRDA:112,1,1,0
BRDA:125,2,0,0
BRDA:125,2,1,0
BRDA:128,3,0,0
BRDA:128,3,1,0
BRDA:136,4,0,0
BRDA:136,4,1,0
BRDA:149,5,0,0
BRDA:149,5,1,0
BRDA:162,6,0,0
BRDA:179,7,0,0
BRDA:179,7,1,0
BRDA:199,8,0,0
BRDA:199,8,1,0
BRF:17
BRH:0
end_of_record
TN:
SF:src\services\TaskAutomationEngine.ts
FN:16,(anonymous_0)
FN:380,(anonymous_1)
FNF:2
FNH:0
FNDA:0,(anonymous_0)
FNDA:0,(anonymous_1)
DA:24,0
DA:25,0
DA:29,0
DA:34,0
DA:35,0
DA:51,0
DA:67,0
DA:85,0
DA:86,0
DA:102,0
DA:118,0
DA:136,0
DA:137,0
DA:153,0
DA:169,0
DA:185,0
DA:203,0
DA:204,0
DA:220,0
DA:236,0
DA:254,0
DA:255,0
DA:271,0
DA:287,0
DA:305,0
DA:306,0
DA:322,0
DA:338,0
DA:356,0
DA:357,0
DA:374,0
DA:394,0
DA:397,0
DA:398,0
DA:399,0
DA:401,0
DA:402,0
DA:403,0
DA:406,0
LF:39
LH:0
BRDA:29,0,0,0
BRDA:29,0,1,0
BRDA:30,1,0,0
BRDA:30,1,1,0
BRDA:31,2,0,0
BRDA:31,2,1,0
BRDA:34,3,0,0
BRDA:34,3,1,0
BRDA:85,4,0,0
BRDA:85,4,1,0
BRDA:85,5,0,0
BRDA:85,5,1,0
BRDA:85,5,2,0
BRDA:136,6,0,0
BRDA:136,6,1,0
BRDA:203,7,0,0
BRDA:203,7,1,0
BRDA:203,8,0,0
BRDA:203,8,1,0
BRDA:254,9,0,0
BRDA:254,9,1,0
BRDA:254,10,0,0
BRDA:254,10,1,0
BRDA:305,11,0,0
BRDA:305,11,1,0
BRDA:305,12,0,0
BRDA:305,12,1,0
BRDA:356,13,0,0
BRDA:356,13,1,0
BRDA:356,14,0,0
BRDA:356,14,1,0
BRDA:356,14,2,0
BRDA:397,15,0,0
BRDA:397,15,1,0
BRDA:401,16,0,0
BRDA:401,16,1,0
BRF:36
BRH:0
end_of_record
TN:
SF:src\services\browserNotifications.ts
FN:20,(anonymous_0)
FN:27,(anonymous_1)
FN:35,(anonymous_2)
FN:53,(anonymous_3)
FN:73,(anonymous_4)
FN:86,(anonymous_5)
FN:93,(anonymous_6)
FN:100,(anonymous_7)
FNF:8
FNH:0
FNDA:0,(anonymous_0)
FNDA:0,(anonymous_1)
FNDA:0,(anonymous_2)
FNDA:0,(anonymous_3)
FNDA:0,(anonymous_4)
FNDA:0,(anonymous_5)
FNDA:0,(anonymous_6)
FNDA:0,(anonymous_7)
DA:20,0
DA:21,0
DA:27,0
DA:28,0
DA:29,0
DA:35,0
DA:36,0
DA:37,0
DA:38,0
DA:41,0
DA:42,0
DA:43,0
DA:45,0
DA:46,0
DA:53,0
DA:54,0
DA:56,0
DA:57,0
DA:58,0
DA:61,0
DA:62,0
DA:72,0
DA:73,0
DA:76,0
DA:78,0
DA:79,0
DA:86,0
DA:87,0
DA:93,0
DA:94,0
DA:100,0
DA:101,0
LF:32
LH:0
BRDA:21,0,0,0
BRDA:21,0,1,0
BRDA:28,1,0,0
BRDA:28,1,1,0
BRDA:36,2,0,0
BRDA:36,2,1,0
BRDA:56,3,0,0
BRDA:56,3,1,0
BRDA:64,4,0,0
BRDA:64,4,1,0
BRDA:66,5,0,0
BRDA:66,5,1,0
BRDA:67,6,0,0
BRDA:67,6,1,0
BRDA:72,7,0,0
BRDA:72,7,1,0
BRF:16
BRH:0
end_of_record
TN:
SF:src\services\errorReporter.ts
FN:25,(anonymous_0)
FN:53,(anonymous_1)
FN:57,(anonymous_2)
FN:61,(anonymous_3)
FN:65,(anonymous_4)
FNF:5
FNH:0
FNDA:0,(anonymous_0)
FNDA:0,(anonymous_1)
FNDA:0,(anonymous_2)
FNDA:0,(anonymous_3)
FNDA:0,(anonymous_4)
DA:22,0
DA:23,0
DA:30,0
DA:33,0
DA:34,0
DA:39,0
DA:42,0
DA:43,0
DA:44,0
DA:54,0
DA:58,0
DA:62,0
DA:70,0
DA:76,0
DA:78,0
DA:90,0
LF:16
LH:0
BRDA:27,0,0,0
BRDA:28,1,0,0
BRDA:33,2,0,0
BRDA:33,2,1,0
BRDA:34,3,0,0
BRDA:34,3,1,0
BRDA:34,4,0,0
BRDA:34,4,1,0
BRDA:36,5,0,0
BRDA:36,5,1,0
BRDA:43,6,0,0
BRDA:43,6,1,0
BRDA:53,7,0,0
BRDA:57,8,0,0
BRDA:57,9,0,0
BRDA:70,10,0,0
BRDA:70,10,1,0
BRDA:72,11,0,0
BRDA:72,11,1,0
BRDA:76,12,0,0
BRDA:76,12,1,0
BRDA:84,13,0,0
BRDA:84,13,1,0
BRDA:85,14,0,0
BRDA:85,14,1,0
BRF:25
BRH:0
end_of_record
TN:
SF:src\services\patientService.ts
FN:16,(anonymous_0)
FN:20,(anonymous_1)
FN:24,(anonymous_2)
FN:28,(anonymous_3)
FN:32,(anonymous_4)
FNF:5
FNH:0
FNDA:0,(anonymous_0)
FNDA:0,(anonymous_1)
FNDA:0,(anonymous_2)
FNDA:0,(anonymous_3)
FNDA:0,(anonymous_4)
DA:15,0
DA:17,0
DA:21,0
DA:25,0
DA:29,0
DA:33,0
LF:6
LH:0
BRF:0
BRH:0
end_of_record
TN:
SF:src\services\ai\claude.ts
FN:40,(anonymous_0)
FN:62,delay
FN:63,(anonymous_2)
FN:66,isTransientError
FN:82,toServiceError
FN:98,callWithRetry
FN:109,(anonymous_6)
FN:110,(anonymous_7)
FN:135,callAI
FN:141,analyzeLabResults
FN:153,generateSBAR
FN:165,generateHandoverSummary
FNF:12
FNH:0
FNDA:0,(anonymous_0)
FNDA:0,delay
FNDA:0,(anonymous_2)
FNDA:0,isTransientError
FNDA:0,toServiceError
FNDA:0,callWithRetry
FNDA:0,(anonymous_6)
FNDA:0,(anonymous_7)
FNDA:0,callAI
FNDA:0,analyzeLabResults
FNDA:0,generateSBAR
FNDA:0,generateHandoverSummary
DA:46,0
DA:47,0
DA:48,0
DA:49,0
DA:50,0
DA:58,0
DA:59,0
DA:60,0
DA:63,0
DA:67,0
DA:68,0
DA:69,0
DA:79,0
DA:83,0
DA:85,0
DA:86,0
DA:87,0
DA:89,0
DA:90,0
DA:92,0
DA:93,0
DA:95,0
DA:105,0
DA:106,0
DA:107,0
DA:110,0
DA:117,0
DA:119,0
DA:120,0
DA:121,0
DA:122,0
DA:124,0
DA:128,0
DA:136,0
DA:137,0
DA:138,0
DA:145,0
DA:150,0
DA:154,0
DA:155,0
DA:157,0
DA:166,0
DA:167,0
DA:168,0
LF:44
LH:0
BRDA:67,0,0,0
BRDA:67,0,1,0
BRDA:70,1,0,0
BRDA:70,1,1,0
BRDA:70,1,2,0
BRDA:70,1,3,0
BRDA:70,1,4,0
BRDA:70,1,5,0
BRDA:70,1,6,0
BRDA:83,2,0,0
BRDA:83,2,1,0
BRDA:85,3,0,0
BRDA:85,3,1,0
BRDA:86,4,0,0
BRDA:86,4,1,0
BRDA:87,5,0,0
BRDA:87,5,1,0
BRDA:89,6,0,0
BRDA:89,6,1,0
BRDA:92,7,0,0
BRDA:92,7,1,0
BRDA:120,8,0,0
BRDA:120,8,1,0
BRDA:120,9,0,0
BRDA:120,9,1,0
BRDA:158,10,0,0
BRDA:158,10,1,0
BRDA:159,11,0,0
BRDA:159,11,1,0
BRDA:160,12,0,0
BRDA:160,12,1,0
BRDA:161,13,0,0
BRDA:161,13,1,0
BRF:33
BRH:0
end_of_record
TN:
SF:src\services\ai\labAnalysis.ts
FN:4,(anonymous_0)
FN:9,(anonymous_1)
FN:37,(anonymous_2)
FN:38,(anonymous_3)
FN:41,(anonymous_4)
FNF:5
FNH:0
FNDA:0,(anonymous_0)
FNDA:0,(anonymous_1)
FNDA:0,(anonymous_2)
FNDA:0,(anonymous_3)
FNDA:0,(anonymous_4)
DA:4,0
DA:8,0
DA:9,0
DA:12,0
DA:16,0
DA:17,0
DA:18,0
DA:19,0
DA:27,0
DA:37,0
DA:38,0
DA:41,0
DA:42,0
DA:43,0
DA:44,0
LF:15
LH:0
BRDA:8,0,0,0
BRDA:8,0,1,0
BRDA:9,1,0,0
BRDA:9,1,1,0
BRDA:9,2,0,0
BRDA:9,2,1,0
BRDA:9,3,0,0
BRDA:9,3,1,0
BRDA:9,4,0,0
BRDA:9,4,1,0
BRDA:9,5,0,0
BRDA:9,5,1,0
BRDA:9,6,0,0
BRDA:9,6,1,0
BRDA:13,7,0,0
BRDA:13,7,1,0
BRDA:20,8,0,0
BRDA:20,8,1,0
BRDA:21,9,0,0
BRDA:21,9,1,0
BRDA:22,10,0,0
BRDA:22,10,1,0
BRDA:23,11,0,0
BRDA:23,11,1,0
BRDA:24,12,0,0
BRDA:24,12,1,0
BRDA:38,13,0,0
BRDA:38,13,1,0
BRDA:38,14,0,0
BRDA:38,14,1,0
BRDA:43,15,0,0
BRDA:43,15,1,0
BRF:32
BRH:0
end_of_record
TN:
SF:src\services\ai\sbarGenerator.ts
FN:13,buildHistoryContext
FN:21,(anonymous_1)
FN:24,(anonymous_2)
FN:27,(anonymous_3)
FN:37,(anonymous_4)
FN:43,(anonymous_5)
FN:58,(anonymous_6)
FN:59,(anonymous_7)
FN:60,(anonymous_8)
FN:65,(anonymous_9)
FN:69,(anonymous_10)
FNF:11
FNH:0
FNDA:0,buildHistoryContext
FNDA:0,(anonymous_1)
FNDA:0,(anonymous_2)
FNDA:0,(anonymous_3)
FNDA:0,(anonymous_4)
FNDA:0,(anonymous_5)
FNDA:0,(anonymous_6)
FNDA:0,(anonymous_7)
FNDA:0,(anonymous_8)
FNDA:0,(anonymous_9)
FNDA:0,(anonymous_10)
DA:14,0
DA:15,0
DA:17,0
DA:18,0
DA:20,0
DA:21,0
DA:23,0
DA:24,0
DA:26,0
DA:27,0
DA:29,0
DA:30,0
DA:31,0
DA:32,0
DA:33,0
DA:34,0
DA:36,0
DA:37,0
DA:40,0
DA:43,0
DA:49,0
DA:50,0
DA:51,0
DA:56,0
DA:59,0
DA:60,0
DA:64,0
DA:66,0
DA:67,0
DA:69,0
DA:72,0
DA:74,0
DA:85,0
LF:33
LH:0
BRDA:14,0,0,0
BRDA:14,0,1,0
BRDA:17,1,0,0
BRDA:17,1,1,0
BRDA:20,2,0,0
BRDA:20,2,1,0
BRDA:21,3,0,0
BRDA:21,3,1,0
BRDA:23,4,0,0
BRDA:23,4,1,0
BRDA:24,5,0,0
BRDA:24,5,1,0
BRDA:26,6,0,0
BRDA:26,6,1,0
BRDA:27,7,0,0
BRDA:27,7,1,0
BRDA:27,8,0,0
BRDA:27,8,1,0
BRDA:27,9,0,0
BRDA:27,9,1,0
BRDA:29,10,0,0
BRDA:29,10,1,0
BRDA:29,11,0,0
BRDA:29,11,1,0
BRDA:29,11,2,0
BRDA:31,12,0,0
BRDA:31,12,1,0
BRDA:32,13,0,0
BRDA:32,13,1,0
BRDA:33,14,0,0
BRDA:33,14,1,0
BRDA:36,15,0,0
BRDA:36,15,1,0
BRDA:40,16,0,0
BRDA:40,16,1,0
BRDA:56,17,0,0
BRDA:56,17,1,0
BRDA:59,18,0,0
BRDA:59,18,1,0
BRDA:59,19,0,0
BRDA:59,19,1,0
BRDA:60,20,0,0
BRDA:60,20,1,0
BRDA:60,21,0,0
BRDA:60,21,1,0
BRDA:60,22,0,0
BRDA:60,22,1,0
BRDA:60,23,0,0
BRDA:60,23,1,0
BRDA:60,24,0,0
BRDA:60,24,1,0
BRDA:60,25,0,0
BRDA:60,25,1,0
BRDA:66,26,0,0
BRDA:66,26,1,0
BRDA:67,27,0,0
BRDA:67,27,1,0
BRDA:69,28,0,0
BRDA:69,28,1,0
BRDA:69,29,0,0
BRDA:69,29,1,0
BRDA:74,30,0,0
BRDA:74,30,1,0
BRDA:74,31,0,0
BRDA:74,31,1,0
BRDA:74,32,0,0
BRDA:74,32,1,0
BRDA:75,33,0,0
BRDA:75,33,1,0
BRDA:75,34,0,0
BRDA:75,34,1,0
BRDA:76,35,0,0
BRDA:76,35,1,0
BRDA:77,36,0,0
BRDA:77,36,1,0
BRF:75
BRH:0
end_of_record
TN:
SF:src\services\export\pdfExport.ts
FN:7,(anonymous_0)
FN:41,(anonymous_1)
FN:42,(anonymous_2)
FN:62,(anonymous_3)
FN:99,(anonymous_4)
FN:117,(anonymous_5)
FNF:6
FNH:0
FNDA:0,(anonymous_0)
FNDA:0,(anonymous_1)
FNDA:0,(anonymous_2)
FNDA:0,(anonymous_3)
FNDA:0,(anonymous_4)
FNDA:0,(anonymous_5)
DA:7,0
DA:8,0
DA:9,0
DA:12,0
DA:13,0
DA:14,0
DA:15,0
DA:16,0
DA:19,0
DA:20,0
DA:21,0
DA:37,0
DA:38,0
DA:39,0
DA:40,0
DA:41,0
DA:42,0
DA:51,0
DA:59,0
DA:62,0
DA:63,0
DA:64,0
DA:66,0
DA:67,0
DA:68,0
DA:69,0
DA:70,0
DA:72,0
DA:73,0
DA:80,0
DA:81,0
DA:82,0
DA:83,0
DA:84,0
DA:85,0
DA:86,0
DA:87,0
DA:88,0
DA:89,0
DA:90,0
DA:91,0
DA:92,0
DA:96,0
DA:99,0
DA:100,0
DA:101,0
DA:103,0
DA:104,0
DA:105,0
DA:106,0
DA:107,0
DA:109,0
DA:110,0
DA:111,0
DA:113,0
DA:114,0
DA:117,0
DA:122,0
LF:58
LH:0
BRDA:31,0,0,0
BRDA:31,0,1,0
BRDA:31,1,0,0
BRDA:31,1,1,0
BRDA:37,2,0,0
BRDA:37,2,1,0
BRDA:38,3,0,0
BRDA:38,3,1,0
BRDA:42,4,0,0
BRDA:42,4,1,0
BRDA:43,5,0,0
BRDA:43,5,1,0
BRDA:44,6,0,0
BRDA:44,6,1,0
BRDA:45,7,0,0
BRDA:45,7,1,0
BRDA:46,8,0,0
BRDA:46,8,1,0
BRDA:47,9,0,0
BRDA:47,9,1,0
BRDA:47,10,0,0
BRDA:47,10,1,0
BRDA:48,11,0,0
BRDA:48,11,1,0
BRDA:87,12,0,0
BRDA:87,12,1,0
BRDA:90,13,0,0
BRDA:90,13,1,0
BRF:28
BRH:0
end_of_record
TN:
SF:src\services\firebase\auth.ts
FN:22,(anonymous_0)
FN:23,(anonymous_1)
FN:50,(anonymous_2)
FN:51,(anonymous_3)
FN:62,(anonymous_4)
FN:74,(anonymous_5)
FN:79,(anonymous_6)
FN:89,(anonymous_7)
FN:96,(anonymous_8)
FN:107,(anonymous_9)
FN:137,(anonymous_10)
FN:143,(anonymous_11)
FN:147,(anonymous_12)
FNF:13
FNH:0
FNDA:0,(anonymous_0)
FNDA:0,(anonymous_1)
FNDA:0,(anonymous_2)
FNDA:0,(anonymous_3)
FNDA:0,(anonymous_4)
FNDA:0,(anonymous_5)
FNDA:0,(anonymous_6)
FNDA:0,(anonymous_7)
FNDA:0,(anonymous_8)
FNDA:0,(anonymous_9)
FNDA:0,(anonymous_10)
FNDA:0,(anonymous_11)
FNDA:0,(anonymous_12)
DA:15,0
DA:22,0
DA:23,0
DA:24,0
DA:25,0
DA:26,0
DA:27,0
DA:28,0
DA:30,0
DA:45,0
DA:46,0
DA:47,0
DA:50,0
DA:51,0
DA:54,0
DA:62,0
DA:63,0
DA:64,0
DA:65,0
DA:66,0
DA:67,0
DA:74,0
DA:75,0
DA:76,0
DA:79,0
DA:81,0
DA:82,0
DA:84,0
DA:86,0
DA:87,0
DA:89,0
DA:91,0
DA:93,0
DA:96,0
DA:98,0
DA:107,0
DA:108,0
DA:109,0
DA:111,0
DA:116,0
DA:117,0
DA:119,0
DA:123,0
DA:124,0
DA:125,0
DA:126,0
DA:127,0
DA:131,0
DA:134,0
DA:137,0
DA:138,0
DA:139,0
DA:140,0
DA:143,0
DA:144,0
DA:147,0
DA:148,0
LF:57
LH:0
BRDA:26,0,0,0
BRDA:26,0,1,0
BRDA:32,1,0,0
BRDA:32,1,1,0
BRDA:32,1,2,0
BRDA:63,2,0,0
BRDA:63,2,1,0
BRDA:66,3,0,0
BRDA:66,3,1,0
BRDA:86,4,0,0
BRDA:86,4,1,0
BRDA:86,5,0,0
BRDA:86,5,1,0
BRDA:126,6,0,0
BRDA:126,6,1,0
BRDA:139,7,0,0
BRDA:139,7,1,0
BRF:17
BRH:0
end_of_record
TN:
SF:src\services\firebase\clerkingNotes.ts
FN:41,createClerkingNote
FN:97,getClerkingNote
FN:117,getClerkingNotesByPatient
FN:130,(anonymous_3)
FN:140,getClerkingNotesByAuthor
FN:153,(anonymous_5)
FN:163,subscribeToClerkingNote
FN:171,(anonymous_7)
FN:178,(anonymous_8)
FN:193,updateClerkingNote
FN:210,(anonymous_10)
FN:227,signClerkingNote
FN:251,deleteClerkingNote
FN:270,extractEscalationFlags
FN:275,(anonymous_14)
FN:275,(anonymous_15)
FN:283,(anonymous_16)
FN:302,saveClerkingToOnCall
FN:308,(anonymous_18)
FN:340,(anonymous_19)
FN:341,(anonymous_20)
FN:379,isPatientInOnCall
FN:403,generateSBAR
FN:419,(anonymous_23)
FN:422,(anonymous_24)
FN:429,(anonymous_25)
FN:449,(anonymous_26)
FN:455,(anonymous_27)
FN:466,saveHandoverText
FNF:29
FNH:0
FNDA:0,createClerkingNote
FNDA:0,getClerkingNote
FNDA:0,getClerkingNotesByPatient
FNDA:0,(anonymous_3)
FNDA:0,getClerkingNotesByAuthor
FNDA:0,(anonymous_5)
FNDA:0,subscribeToClerkingNote
FNDA:0,(anonymous_7)
FNDA:0,(anonymous_8)
FNDA:0,updateClerkingNote
FNDA:0,(anonymous_10)
FNDA:0,signClerkingNote
FNDA:0,deleteClerkingNote
FNDA:0,extractEscalationFlags
FNDA:0,(anonymous_14)
FNDA:0,(anonymous_15)
FNDA:0,(anonymous_16)
FNDA:0,saveClerkingToOnCall
FNDA:0,(anonymous_18)
FNDA:0,(anonymous_19)
FNDA:0,(anonymous_20)
FNDA:0,isPatientInOnCall
FNDA:0,generateSBAR
FNDA:0,(anonymous_23)
FNDA:0,(anonymous_24)
FNDA:0,(anonymous_25)
FNDA:0,(anonymous_26)
FNDA:0,(anonymous_27)
FNDA:0,saveHandoverText
DA:30,0
DA:31,0
DA:32,0
DA:47,0
DA:48,0
DA:49,0
DA:51,0
DA:81,0
DA:82,0
DA:83,0
DA:85,0
DA:86,0
DA:98,0
DA:99,0
DA:100,0
DA:102,0
DA:103,0
DA:104,0
DA:107,0
DA:109,0
DA:110,0
DA:121,0
DA:122,0
DA:129,0
DA:130,0
DA:132,0
DA:133,0
DA:144,0
DA:145,0
DA:152,0
DA:153,0
DA:155,0
DA:156,0
DA:167,0
DA:169,0
DA:172,0
DA:173,0
DA:175,0
DA:179,0
DA:180,0
DA:197,0
DA:198,0
DA:201,0
DA:208,0
DA:209,0
DA:210,0
DA:212,0
DA:213,0
DA:216,0
DA:217,0
DA:219,0
DA:220,0
DA:228,0
DA:229,0
DA:231,0
DA:237,0
DA:239,0
DA:240,0
DA:252,0
DA:253,0
DA:254,0
DA:255,0
DA:257,0
DA:258,0
DA:271,0
DA:274,0
DA:275,0
DA:277,0
DA:278,0
DA:282,0
DA:283,0
DA:285,0
DA:286,0
DA:290,0
DA:291,0
DA:294,0
DA:307,0
DA:308,0
DA:310,0
DA:311,0
DA:313,0
DA:314,0
DA:317,0
DA:318,0
DA:319,0
DA:323,0
DA:324,0
DA:325,0
DA:326,0
DA:330,0
DA:337,0
DA:340,0
DA:341,0
DA:342,0
DA:345,0
DA:347,0
DA:359,0
DA:361,0
DA:362,0
DA:365,0
DA:367,0
DA:368,0
DA:380,0
DA:381,0
DA:388,0
DA:389,0
DA:391,0
DA:392,0
DA:404,0
DA:407,0
DA:408,0
DA:409,0
DA:410,0
DA:413,0
DA:414,0
DA:415,0
DA:416,0
DA:418,0
DA:419,0
DA:421,0
DA:422,0
DA:424,0
DA:427,0
DA:428,0
DA:429,0
DA:430,0
DA:433,0
DA:434,0
DA:435,0
DA:440,0
DA:443,0
DA:444,0
DA:445,0
DA:447,0
DA:448,0
DA:449,0
DA:450,0
DA:453,0
DA:454,0
DA:455,0
DA:456,0
DA:460,0
DA:471,0
DA:472,0
DA:476,0
DA:478,0
DA:479,0
LF:147
LH:0
BRDA:60,0,0,0
BRDA:60,0,1,0
BRDA:61,1,0,0
BRDA:61,1,1,0
BRDA:62,2,0,0
BRDA:62,2,1,0
BRDA:63,3,0,0
BRDA:63,3,1,0
BRDA:64,4,0,0
BRDA:64,4,1,0
BRDA:65,5,0,0
BRDA:65,5,1,0
BRDA:66,6,0,0
BRDA:66,6,1,0
BRDA:67,7,0,0
BRDA:67,7,1,0
BRDA:68,8,0,0
BRDA:68,8,1,0
BRDA:69,9,0,0
BRDA:69,9,1,0
BRDA:102,10,0,0
BRDA:102,10,1,0
BRDA:119,11,0,0
BRDA:142,12,0,0
BRDA:172,13,0,0
BRDA:172,13,1,0
BRDA:208,14,0,0
BRDA:208,14,1,0
BRDA:277,15,0,0
BRDA:277,15,1,0
BRDA:277,16,0,0
BRDA:277,16,1,0
BRDA:283,17,0,0
BRDA:283,17,1,0
BRDA:283,17,2,0
BRDA:285,18,0,0
BRDA:285,18,1,0
BRDA:290,19,0,0
BRDA:290,19,1,0
BRDA:290,20,0,0
BRDA:290,20,1,0
BRDA:313,21,0,0
BRDA:313,21,1,0
BRDA:318,22,0,0
BRDA:318,22,1,0
BRDA:318,23,0,0
BRDA:318,23,1,0
BRDA:325,24,0,0
BRDA:325,24,1,0
BRDA:342,25,0,0
BRDA:342,25,1,0
BRDA:342,26,0,0
BRDA:342,26,1,0
BRDA:370,27,0,0
BRDA:370,27,1,0
BRDA:415,28,0,0
BRDA:415,28,1,0
BRDA:415,29,0,0
BRDA:415,29,1,0
BRDA:418,30,0,0
BRDA:418,30,1,0
BRDA:418,31,0,0
BRDA:418,31,1,0
BRDA:421,32,0,0
BRDA:421,32,1,0
BRDA:421,33,0,0
BRDA:421,33,1,0
BRDA:428,34,0,0
BRDA:428,34,1,0
BRDA:433,35,0,0
BRDA:433,35,1,0
BRDA:444,36,0,0
BRDA:444,36,1,0
BRDA:447,37,0,0
BRDA:447,37,1,0
BRDA:447,38,0,0
BRDA:447,38,1,0
BRDA:453,39,0,0
BRDA:453,39,1,0
BRDA:453,40,0,0
BRDA:453,40,1,0
BRF:81
BRH:0
end_of_record
TN:
SF:src\services\firebase\history.ts
FN:10,(anonymous_0)
FN:20,(anonymous_1)
FNF:2
FNH:0
FNDA:0,(anonymous_0)
FNDA:0,(anonymous_1)
DA:10,0
DA:11,0
DA:12,0
DA:13,0
DA:14,0
DA:20,0
DA:25,0
DA:26,0
LF:8
LH:0
BRDA:13,0,0,0
BRDA:13,0,1,0
BRF:2
BRH:0
end_of_record
TN:
SF:src\services\firebase\labs.ts
FN:20,(anonymous_0)
FN:32,(anonymous_1)
FN:39,(anonymous_2)
FN:42,(anonymous_3)
FN:50,(anonymous_4)
FN:58,(anonymous_5)
FN:65,(anonymous_6)
FN:77,(anonymous_7)
FN:85,(anonymous_8)
FN:86,(anonymous_9)
FN:88,(anonymous_10)
FN:94,(anonymous_11)
FN:105,(anonymous_12)
FN:123,(anonymous_13)
FN:135,(anonymous_14)
FN:160,(anonymous_15)
FNF:16
FNH:0
FNDA:0,(anonymous_0)
FNDA:0,(anonymous_1)
FNDA:0,(anonymous_2)
FNDA:0,(anonymous_3)
FNDA:0,(anonymous_4)
FNDA:0,(anonymous_5)
FNDA:0,(anonymous_6)
FNDA:0,(anonymous_7)
FNDA:0,(anonymous_8)
FNDA:0,(anonymous_9)
FNDA:0,(anonymous_10)
FNDA:0,(anonymous_11)
FNDA:0,(anonymous_12)
FNDA:0,(anonymous_13)
FNDA:0,(anonymous_14)
FNDA:0,(anonymous_15)
DA:20,0
DA:32,0
DA:33,0
DA:38,0
DA:39,0
DA:42,0
DA:43,0
DA:47,0
DA:50,0
DA:55,0
DA:58,0
DA:62,0
DA:65,0
DA:70,0
DA:77,0
DA:81,0
DA:85,0
DA:86,0
DA:87,0
DA:89,0
DA:90,0
DA:94,0
DA:99,0
DA:100,0
DA:101,0
DA:102,0
DA:105,0
DA:106,0
DA:110,0
DA:111,0
DA:112,0
DA:113,0
DA:119,0
DA:120,0
DA:121,0
DA:122,0
DA:123,0
DA:125,0
DA:128,0
DA:135,0
DA:137,0
DA:142,0
DA:143,0
DA:146,0
DA:147,0
DA:153,0
DA:155,0
DA:156,0
DA:159,0
DA:160,0
DA:163,0
DA:164,0
DA:169,0
LF:53
LH:0
BRDA:32,0,0,0
BRDA:99,1,0,0
BRDA:99,1,1,0
BRDA:99,2,0,0
BRDA:99,2,1,0
BRDA:122,3,0,0
BRDA:122,3,1,0
BRDA:123,4,0,0
BRDA:123,4,1,0
BRDA:125,5,0,0
BRDA:125,5,1,0
BRDA:159,6,0,0
BRDA:159,6,1,0
BRDA:160,7,0,0
BRDA:160,7,1,0
BRDA:163,8,0,0
BRDA:163,8,1,0
BRDA:163,9,0,0
BRDA:163,9,1,0
BRF:19
BRH:0
end_of_record
TN:
SF:src\services\firebase\notifications.ts
FN:30,createNotification
FN:41,markNotificationAsRead
FN:50,subscribeToNotifications
FN:63,(anonymous_3)
FN:65,(anonymous_4)
FN:69,(anonymous_5)
FN:79,subscribeToUnreadNotifications
FN:92,(anonymous_7)
FN:94,(anonymous_8)
FN:98,(anonymous_9)
FN:108,getUnreadCount
FNF:11
FNH:0
FNDA:0,createNotification
FNDA:0,markNotificationAsRead
FNDA:0,subscribeToNotifications
FNDA:0,(anonymous_3)
FNDA:0,(anonymous_4)
FNDA:0,(anonymous_5)
FNDA:0,subscribeToUnreadNotifications
FNDA:0,(anonymous_7)
FNDA:0,(anonymous_8)
FNDA:0,(anonymous_9)
FNDA:0,getUnreadCount
DA:25,0
DA:31,0
DA:35,0
DA:42,0
DA:54,0
DA:61,0
DA:64,0
DA:65,0
DA:67,0
DA:70,0
DA:71,0
DA:83,0
DA:90,0
DA:93,0
DA:94,0
DA:96,0
DA:99,0
DA:100,0
DA:109,0
DA:115,0
DA:116,0
LF:21
LH:0
BRF:0
BRH:0
end_of_record
TN:
SF:src\services\firebase\onCallList.ts
FN:22,subscribeToOnCallList
FN:33,(anonymous_1)
FN:34,(anonymous_2)
FN:37,(anonymous_3)
FNF:4
FNH:0
FNDA:0,subscribeToOnCallList
FNDA:0,(anonymous_1)
FNDA:0,(anonymous_2)
FNDA:0,(anonymous_3)
DA:17,0
DA:25,0
DA:31,0
DA:34,0
DA:35,0
DA:38,0
DA:39,0
LF:7
LH:0
BRF:0
BRH:0
end_of_record
TN:
SF:src\services\firebase\patients.ts
FN:21,(anonymous_0)
FN:23,(anonymous_1)
FN:51,(anonymous_2)
FN:56,(anonymous_3)
FN:59,(anonymous_4)
FN:61,(anonymous_5)
FN:64,(anonymous_6)
FN:70,(anonymous_7)
FN:76,(anonymous_8)
FN:129,(anonymous_9)
FN:132,(anonymous_10)
FN:150,(anonymous_11)
FN:154,(anonymous_12)
FN:165,(anonymous_13)
FN:166,(anonymous_14)
FN:168,(anonymous_15)
FN:174,(anonymous_16)
FN:179,(anonymous_17)
FN:180,(anonymous_18)
FN:182,(anonymous_19)
FN:188,(anonymous_20)
FN:194,(anonymous_21)
FN:195,(anonymous_22)
FN:197,(anonymous_23)
FN:207,(anonymous_24)
FN:221,(anonymous_25)
FN:224,(anonymous_26)
FN:225,(anonymous_27)
FN:227,(anonymous_28)
FN:236,(anonymous_29)
FN:250,(anonymous_30)
FN:251,(anonymous_31)
FNF:32
FNH:0
FNDA:0,(anonymous_0)
FNDA:0,(anonymous_1)
FNDA:0,(anonymous_2)
FNDA:0,(anonymous_3)
FNDA:0,(anonymous_4)
FNDA:0,(anonymous_5)
FNDA:0,(anonymous_6)
FNDA:0,(anonymous_7)
FNDA:0,(anonymous_8)
FNDA:0,(anonymous_9)
FNDA:0,(anonymous_10)
FNDA:0,(anonymous_11)
FNDA:0,(anonymous_12)
FNDA:0,(anonymous_13)
FNDA:0,(anonymous_14)
FNDA:0,(anonymous_15)
FNDA:0,(anonymous_16)
FNDA:0,(anonymous_17)
FNDA:0,(anonymous_18)
FNDA:0,(anonymous_19)
FNDA:0,(anonymous_20)
FNDA:0,(anonymous_21)
FNDA:0,(anonymous_22)
FNDA:0,(anonymous_23)
FNDA:0,(anonymous_24)
FNDA:0,(anonymous_25)
FNDA:0,(anonymous_26)
FNDA:0,(anonymous_27)
FNDA:0,(anonymous_28)
FNDA:0,(anonymous_29)
FNDA:0,(anonymous_30)
FNDA:0,(anonymous_31)
DA:21,0
DA:23,0
DA:51,0
DA:52,0
DA:55,0
DA:56,0
DA:59,0
DA:60,0
DA:61,0
DA:64,0
DA:65,0
DA:66,0
DA:67,0
DA:70,0
DA:73,0
DA:75,0
DA:76,0
DA:78,0
DA:79,0
DA:80,0
DA:83,0
DA:84,0
DA:88,0
DA:91,0
DA:96,0
DA:97,0
DA:100,0
DA:117,0
DA:118,0
DA:120,0
DA:121,0
DA:122,0
DA:123,0
DA:125,0
DA:129,0
DA:131,0
DA:132,0
DA:133,0
DA:134,0
DA:135,0
DA:136,0
DA:137,0
DA:139,0
DA:140,0
DA:144,0
DA:150,0
DA:151,0
DA:154,0
DA:159,0
DA:165,0
DA:166,0
DA:167,0
DA:169,0
DA:170,0
DA:174,0
DA:178,0
DA:179,0
DA:180,0
DA:181,0
DA:183,0
DA:184,0
DA:188,0
DA:193,0
DA:194,0
DA:195,0
DA:196,0
DA:198,0
DA:199,0
DA:207,0
DA:214,0
DA:221,0
DA:223,0
DA:224,0
DA:225,0
DA:226,0
DA:228,0
DA:229,0
DA:236,0
DA:241,0
DA:248,0
DA:249,0
DA:250,0
DA:251,0
LF:83
LH:0
BRDA:52,0,0,0
BRDA:52,0,1,0
BRDA:66,1,0,0
BRDA:66,1,1,0
BRDA:78,2,0,0
BRDA:78,2,1,0
BRDA:80,3,0,0
BRDA:80,3,1,0
BRDA:84,4,0,0
BRDA:84,4,1,0
BRDA:86,5,0,0
BRDA:86,5,1,0
BRDA:88,6,0,0
BRDA:88,6,1,0
BRDA:90,7,0,0
BRDA:90,7,1,0
BRDA:96,8,0,0
BRDA:96,8,1,0
BRDA:96,9,0,0
BRDA:96,9,1,0
BRDA:121,10,0,0
BRDA:121,10,1,0
BRDA:133,11,0,0
BRDA:133,11,1,0
BRDA:135,12,0,0
BRDA:135,12,1,0
BRDA:137,13,0,0
BRDA:137,13,1,0
BRDA:137,14,0,0
BRDA:137,14,1,0
BRDA:139,15,0,0
BRDA:139,15,1,0
BRDA:139,16,0,0
BRDA:139,16,1,0
BRF:34
BRH:0
end_of_record
TN:
SF:src\services\firebase\tasks.ts
FN:20,(anonymous_0)
FN:22,(anonymous_1)
FN:41,(anonymous_2)
FN:46,(anonymous_3)
FN:46,(anonymous_4)
FN:49,(anonymous_5)
FN:52,(anonymous_6)
FN:52,(anonymous_7)
FN:55,(anonymous_8)
FN:69,(anonymous_9)
FN:76,(anonymous_10)
FN:86,(anonymous_11)
FN:90,(anonymous_12)
FN:94,(anonymous_13)
FN:95,(anonymous_14)
FN:95,(anonymous_15)
FN:98,(anonymous_16)
FN:105,(anonymous_17)
FN:116,(anonymous_18)
FN:117,(anonymous_19)
FN:117,(anonymous_20)
FN:120,(anonymous_21)
FN:127,(anonymous_22)
FN:134,(anonymous_23)
FN:134,(anonymous_24)
FN:138,(anonymous_25)
FN:158,(anonymous_26)
FN:167,(anonymous_27)
FN:171,(anonymous_28)
FN:178,(anonymous_29)
FN:179,(anonymous_30)
FNF:31
FNH:0
FNDA:0,(anonymous_0)
FNDA:0,(anonymous_1)
FNDA:0,(anonymous_2)
FNDA:0,(anonymous_3)
FNDA:0,(anonymous_4)
FNDA:0,(anonymous_5)
FNDA:0,(anonymous_6)
FNDA:0,(anonymous_7)
FNDA:0,(anonymous_8)
FNDA:0,(anonymous_9)
FNDA:0,(anonymous_10)
FNDA:0,(anonymous_11)
FNDA:0,(anonymous_12)
FNDA:0,(anonymous_13)
FNDA:0,(anonymous_14)
FNDA:0,(anonymous_15)
FNDA:0,(anonymous_16)
FNDA:0,(anonymous_17)
FNDA:0,(anonymous_18)
FNDA:0,(anonymous_19)
FNDA:0,(anonymous_20)
FNDA:0,(anonymous_21)
FNDA:0,(anonymous_22)
FNDA:0,(anonymous_23)
FNDA:0,(anonymous_24)
FNDA:0,(anonymous_25)
FNDA:0,(anonymous_26)
FNDA:0,(anonymous_27)
FNDA:0,(anonymous_28)
FNDA:0,(anonymous_29)
FNDA:0,(anonymous_30)
DA:19,0
DA:20,0
DA:22,0
DA:41,0
DA:42,0
DA:45,0
DA:46,0
DA:49,0
DA:50,0
DA:51,0
DA:52,0
DA:55,0
DA:56,0
DA:66,0
DA:69,0
DA:70,0
DA:76,0
DA:77,0
DA:86,0
DA:87,0
DA:90,0
DA:91,0
DA:92,0
DA:95,0
DA:96,0
DA:99,0
DA:100,0
DA:105,0
DA:109,0
DA:114,0
DA:117,0
DA:118,0
DA:121,0
DA:122,0
DA:127,0
DA:128,0
DA:133,0
DA:134,0
DA:136,0
DA:138,0
DA:139,0
DA:141,0
DA:144,0
DA:147,0
DA:151,0
DA:154,0
DA:158,0
DA:159,0
DA:160,0
DA:167,0
DA:168,0
DA:169,0
DA:171,0
DA:172,0
DA:173,0
DA:176,0
DA:178,0
DA:179,0
LF:58
LH:0
BRDA:42,0,0,0
BRDA:42,0,1,0
BRDA:139,1,0,0
BRDA:139,1,1,0
BRDA:141,2,0,0
BRDA:141,2,1,0
BRDA:141,3,0,0
BRDA:141,3,1,0
BRDA:144,4,0,0
BRDA:144,4,1,0
BRDA:147,5,0,0
BRDA:147,5,1,0
BRDA:147,6,0,0
BRDA:147,6,1,0
BRDA:147,6,2,0
BRDA:176,7,0,0
BRDA:176,7,1,0
BRF:17
BRH:0
end_of_record
TN:
SF:src\services\sheets\googleSheets.ts
FN:68,extractSheetId
FN:74,colLetterToIndex
FN:83,indexToColLetter
FN:95,parseCSV
FN:148,fetchSheetAsCSV
FN:172,fetchSheetViaAPI
FN:215,getFilledCells
FN:217,(anonymous_7)
FN:218,(anonymous_8)
FN:221,normalizeHeaderLabel
FN:225,looksLikeSectionLabel
FN:236,looksLikeWardLabel
FN:242,(anonymous_12)
FN:245,detectContextHeader
FN:263,isColumnHeaderRow
FN:264,(anonymous_15)
FN:264,(anonymous_16)
FN:267,(anonymous_17)
FN:267,(anonymous_18)
FN:271,splitPatientName
FN:288,compareWardId
FN:312,parseWardData
FN:332,(anonymous_22)
FN:334,(anonymous_23)
FN:358,(anonymous_24)
FN:383,(anonymous_25)
FN:389,(anonymous_26)
FN:407,(anonymous_27)
FN:438,(anonymous_28)
FN:443,(anonymous_29)
FN:453,organizePatientsByWardAndDoctor
FN:467,(anonymous_31)
FN:469,(anonymous_32)
FN:471,(anonymous_33)
FN:473,(anonymous_34)
FN:475,(anonymous_35)
FN:478,(anonymous_36)
FN:486,buildExportHeader
FN:505,(anonymous_38)
FN:509,buildExportRow
FN:510,(anonymous_40)
FN:523,hexToRgb
FN:538,exportToSheet
FN:558,(anonymous_43)
FN:564,(anonymous_44)
FN:583,(anonymous_45)
FN:583,(anonymous_46)
FN:586,(anonymous_47)
FN:622,(anonymous_48)
FN:674,(anonymous_49)
FN:712,(anonymous_50)
FNF:51
FNH:0
FNDA:0,extractSheetId
FNDA:0,colLetterToIndex
FNDA:0,indexToColLetter
FNDA:0,parseCSV
FNDA:0,fetchSheetAsCSV
FNDA:0,fetchSheetViaAPI
FNDA:0,getFilledCells
FNDA:0,(anonymous_7)
FNDA:0,(anonymous_8)
FNDA:0,normalizeHeaderLabel
FNDA:0,looksLikeSectionLabel
FNDA:0,looksLikeWardLabel
FNDA:0,(anonymous_12)
FNDA:0,detectContextHeader
FNDA:0,isColumnHeaderRow
FNDA:0,(anonymous_15)
FNDA:0,(anonymous_16)
FNDA:0,(anonymous_17)
FNDA:0,(anonymous_18)
FNDA:0,splitPatientName
FNDA:0,compareWardId
FNDA:0,parseWardData
FNDA:0,(anonymous_22)
FNDA:0,(anonymous_23)
FNDA:0,(anonymous_24)
FNDA:0,(anonymous_25)
FNDA:0,(anonymous_26)
FNDA:0,(anonymous_27)
FNDA:0,(anonymous_28)
FNDA:0,(anonymous_29)
FNDA:0,organizePatientsByWardAndDoctor
FNDA:0,(anonymous_31)
FNDA:0,(anonymous_32)
FNDA:0,(anonymous_33)
FNDA:0,(anonymous_34)
FNDA:0,(anonymous_35)
FNDA:0,(anonymous_36)
FNDA:0,buildExportHeader
FNDA:0,(anonymous_38)
FNDA:0,buildExportRow
FNDA:0,(anonymous_40)
FNDA:0,hexToRgb
FNDA:0,exportToSheet
FNDA:0,(anonymous_43)
FNDA:0,(anonymous_44)
FNDA:0,(anonymous_45)
FNDA:0,(anonymous_46)
FNDA:0,(anonymous_47)
FNDA:0,(anonymous_48)
FNDA:0,(anonymous_49)
FNDA:0,(anonymous_50)
DA:69,0
DA:70,0
DA:75,0
DA:76,0
DA:77,0
DA:79,0
DA:84,0
DA:85,0
DA:86,0
DA:87,0
DA:88,0
DA:89,0
DA:91,0
DA:96,0
DA:97,0
DA:98,0
DA:99,0
DA:101,0
DA:102,0
DA:103,0
DA:105,0
DA:106,0
DA:107,0
DA:108,0
DA:109,0
DA:110,0
DA:112,0
DA:115,0
DA:116,0
DA:117,0
DA:118,0
DA:119,0
DA:120,0
DA:121,0
DA:122,0
DA:123,0
DA:124,0
DA:125,0
DA:127,0
DA:132,0
DA:133,0
DA:134,0
DA:137,0
DA:152,0
DA:153,0
DA:154,0
DA:157,0
DA:158,0
DA:159,0
DA:160,0
DA:161,0
DA:164,0
DA:165,0
DA:178,0
DA:182,0
DA:183,0
DA:184,0
DA:185,0
DA:186,0
DA:189,0
DA:192,0
DA:193,0
DA:194,0
DA:195,0
DA:198,0
DA:199,0
DA:216,0
DA:217,0
DA:218,0
DA:222,0
DA:226,0
DA:227,0
DA:237,0
DA:238,0
DA:239,0
DA:242,0
DA:246,0
DA:249,0
DA:251,0
DA:252,0
DA:254,0
DA:255,0
DA:256,0
DA:264,0
DA:265,0
DA:267,0
DA:268,0
DA:272,0
DA:273,0
DA:275,0
DA:276,0
DA:278,0
DA:279,0
DA:280,0
DA:282,0
DA:289,0
DA:290,0
DA:291,0
DA:292,0
DA:293,0
DA:294,0
DA:322,0
DA:324,0
DA:326,0
DA:327,0
DA:328,0
DA:332,0
DA:334,0
DA:335,0
DA:336,0
DA:339,0
DA:340,0
DA:341,0
DA:342,0
DA:344,0
DA:345,0
DA:346,0
DA:347,0
DA:349,0
DA:351,0
DA:352,0
DA:353,0
DA:354,0
DA:355,0
DA:356,0
DA:357,0
DA:358,0
DA:359,0
DA:361,0
DA:362,0
DA:364,0
DA:368,0
DA:369,0
DA:372,0
DA:373,0
DA:375,0
DA:376,0
DA:379,0
DA:380,0
DA:383,0
DA:385,0
DA:388,0
DA:389,0
DA:391,0
DA:392,0
DA:394,0
DA:396,0
DA:400,0
DA:402,0
DA:405,0
DA:407,0
DA:410,0
DA:411,0
DA:412,0
DA:414,0
DA:433,0
DA:437,0
DA:438,0
DA:439,0
DA:440,0
DA:442,0
DA:443,0
DA:444,0
DA:445,0
DA:446,0
DA:448,0
DA:450,0
DA:454,0
DA:456,0
DA:457,0
DA:458,0
DA:460,0
DA:461,0
DA:462,0
DA:463,0
DA:466,0
DA:468,0
DA:469,0
DA:471,0
DA:473,0
DA:475,0
DA:476,0
DA:478,0
DA:487,0
DA:505,0
DA:510,0
DA:511,0
DA:512,0
DA:513,0
DA:514,0
DA:515,0
DA:516,0
DA:518,0
DA:524,0
DA:525,0
DA:546,0
DA:547,0
DA:552,0
DA:554,0
DA:555,0
DA:556,0
DA:557,0
DA:558,0
DA:560,0
DA:563,0
DA:564,0
DA:565,0
DA:566,0
DA:567,0
DA:570,0
DA:571,0
DA:579,0
DA:582,0
DA:583,0
DA:586,0
DA:588,0
DA:591,0
DA:606,0
DA:614,0
DA:621,0
DA:622,0
DA:623,0
DA:624,0
DA:625,0
DA:626,0
DA:627,0
DA:629,0
DA:634,0
DA:652,0
DA:674,0
DA:675,0
DA:676,0
DA:683,0
DA:684,0
DA:712,0
DA:713,0
DA:714,0
DA:720,0
DA:721,0
DA:746,0
DA:759,0
DA:760,0
DA:765,0
DA:766,0
DA:767,0
DA:772,0
DA:774,0
LF:247
LH:0
BRDA:70,0,0,0
BRDA:70,0,1,0
BRDA:105,1,0,0
BRDA:105,1,1,0
BRDA:106,2,0,0
BRDA:106,2,1,0
BRDA:106,3,0,0
BRDA:106,3,1,0
BRDA:109,4,0,0
BRDA:109,4,1,0
BRDA:115,5,0,0
BRDA:115,5,1,0
BRDA:117,6,0,0
BRDA:117,6,1,0
BRDA:120,7,0,0
BRDA:120,7,1,0
BRDA:120,8,0,0
BRDA:120,8,1,0
BRDA:120,8,2,0
BRDA:125,9,0,0
BRDA:125,9,1,0
BRDA:132,10,0,0
BRDA:132,10,1,0
BRDA:132,11,0,0
BRDA:132,11,1,0
BRDA:153,12,0,0
BRDA:153,12,1,0
BRDA:158,13,0,0
BRDA:158,13,1,0
BRDA:159,14,0,0
BRDA:159,14,1,0
BRDA:160,15,0,0
BRDA:160,15,1,0
BRDA:183,16,0,0
BRDA:183,16,1,0
BRDA:185,17,0,0
BRDA:185,17,1,0
BRDA:193,18,0,0
BRDA:193,18,1,0
BRDA:199,19,0,0
BRDA:199,19,1,0
BRDA:217,20,0,0
BRDA:217,20,1,0
BRDA:228,21,0,0
BRDA:228,21,1,0
BRDA:228,21,2,0
BRDA:228,21,3,0
BRDA:228,21,4,0
BRDA:238,22,0,0
BRDA:238,22,1,0
BRDA:249,23,0,0
BRDA:249,23,1,0
BRDA:249,24,0,0
BRDA:249,24,1,0
BRDA:252,25,0,0
BRDA:252,25,1,0
BRDA:254,26,0,0
BRDA:254,26,1,0
BRDA:255,27,0,0
BRDA:255,27,1,0
BRDA:275,28,0,0
BRDA:275,28,1,0
BRDA:275,29,0,0
BRDA:275,29,1,0
BRDA:276,30,0,0
BRDA:276,30,1,0
BRDA:279,31,0,0
BRDA:279,31,1,0
BRDA:280,32,0,0
BRDA:280,32,1,0
BRDA:291,33,0,0
BRDA:291,33,1,0
BRDA:291,34,0,0
BRDA:291,34,1,0
BRDA:292,35,0,0
BRDA:292,35,1,0
BRDA:293,36,0,0
BRDA:293,36,1,0
BRDA:315,37,0,0
BRDA:318,38,0,0
BRDA:319,39,0,0
BRDA:320,40,0,0
BRDA:321,41,0,0
BRDA:324,42,0,0
BRDA:324,42,1,0
BRDA:336,43,0,0
BRDA:336,43,1,0
BRDA:336,44,0,0
BRDA:336,44,1,0
BRDA:345,45,0,0
BRDA:345,45,1,0
BRDA:347,46,0,0
BRDA:347,46,1,0
BRDA:349,47,0,0
BRDA:349,47,1,0
BRDA:352,48,0,0
BRDA:352,48,1,0
BRDA:353,49,0,0
BRDA:353,49,1,0
BRDA:357,50,0,0
BRDA:357,50,1,0
BRDA:368,51,0,0
BRDA:368,51,1,0
BRDA:368,52,0,0
BRDA:368,52,1,0
BRDA:373,53,0,0
BRDA:373,53,1,0
BRDA:373,54,0,0
BRDA:373,54,1,0
BRDA:376,55,0,0
BRDA:376,55,1,0
BRDA:380,56,0,0
BRDA:380,56,1,0
BRDA:381,57,0,0
BRDA:381,57,1,0
BRDA:381,57,2,0
BRDA:389,58,0,0
BRDA:389,58,1,0
BRDA:392,59,0,0
BRDA:392,59,1,0
BRDA:396,60,0,0
BRDA:396,60,1,0
BRDA:397,61,0,0
BRDA:397,61,1,0
BRDA:398,62,0,0
BRDA:398,62,1,0
BRDA:402,63,0,0
BRDA:402,63,1,0
BRDA:403,64,0,0
BRDA:403,64,1,0
BRDA:411,65,0,0
BRDA:411,65,1,0
BRDA:411,65,2,0
BRDA:411,65,3,0
BRDA:423,66,0,0
BRDA:423,66,1,0
BRDA:433,67,0,0
BRDA:433,67,1,0
BRDA:439,68,0,0
BRDA:439,68,1,0
BRDA:444,69,0,0
BRDA:444,69,1,0
BRDA:445,70,0,0
BRDA:445,70,1,0
BRDA:457,71,0,0
BRDA:457,71,1,0
BRDA:458,72,0,0
BRDA:458,72,1,0
BRDA:460,73,0,0
BRDA:460,73,1,0
BRDA:462,74,0,0
BRDA:462,74,1,0
BRDA:471,75,0,0
BRDA:471,75,1,0
BRDA:471,76,0,0
BRDA:471,76,1,0
BRDA:505,77,0,0
BRDA:505,77,1,0
BRDA:513,78,0,0
BRDA:513,78,1,0
BRDA:513,79,0,0
BRDA:513,79,1,0
BRDA:514,80,0,0
BRDA:514,80,1,0
BRDA:515,81,0,0
BRDA:515,81,1,0
BRDA:515,82,0,0
BRDA:515,82,1,0
BRDA:555,83,0,0
BRDA:555,83,1,0
BRDA:560,84,0,0
BRDA:560,84,1,0
BRDA:579,85,0,0
BRDA:579,85,1,0
BRDA:621,86,0,0
BRDA:621,86,1,0
BRDA:624,87,0,0
BRDA:624,87,1,0
BRDA:626,88,0,0
BRDA:626,88,1,0
BRDA:675,89,0,0
BRDA:675,89,1,0
BRDA:713,90,0,0
BRDA:713,90,1,0
BRDA:759,91,0,0
BRDA:759,91,1,0
BRDA:765,92,0,0
BRDA:765,92,1,0
BRDA:777,93,0,0
BRDA:777,93,1,0
BRF:190
BRH:0
end_of_record
TN:
SF:src\stores\authStore.ts
FN:16,(anonymous_0)
FN:21,(anonymous_1)
FN:22,(anonymous_2)
FN:23,(anonymous_3)
FN:24,(anonymous_4)
FN:25,(anonymous_5)
FNF:6
FNH:0
FNDA:0,(anonymous_0)
FNDA:0,(anonymous_1)
FNDA:0,(anonymous_2)
FNDA:0,(anonymous_3)
FNDA:0,(anonymous_4)
FNDA:0,(anonymous_5)
DA:16,0
DA:21,0
DA:22,0
DA:23,0
DA:24,0
DA:25,0
LF:6
LH:0
BRF:0
BRH:0
end_of_record
TN:
SF:src\stores\notificationStore.ts
FN:27,(anonymous_0)
FN:32,(anonymous_1)
FN:35,(anonymous_2)
FN:38,(anonymous_3)
FN:39,(anonymous_4)
FN:44,(anonymous_5)
FN:45,(anonymous_6)
FN:46,(anonymous_7)
FN:53,(anonymous_8)
FN:57,(anonymous_9)
FN:59,(anonymous_10)
FN:61,(anonymous_11)
FN:64,(anonymous_12)
FN:66,(anonymous_13)
FNF:14
FNH:0
FNDA:0,(anonymous_0)
FNDA:0,(anonymous_1)
FNDA:0,(anonymous_2)
FNDA:0,(anonymous_3)
FNDA:0,(anonymous_4)
FNDA:0,(anonymous_5)
FNDA:0,(anonymous_6)
FNDA:0,(anonymous_7)
FNDA:0,(anonymous_8)
FNDA:0,(anonymous_9)
FNDA:0,(anonymous_10)
FNDA:0,(anonymous_11)
FNDA:0,(anonymous_12)
FNDA:0,(anonymous_13)
DA:27,0
DA:33,0
DA:35,0
DA:39,0
DA:45,0
DA:46,0
DA:47,0
DA:51,0
DA:53,0
DA:57,0
DA:60,0
DA:61,0
DA:65,0
DA:66,0
LF:14
LH:0
BRDA:41,0,0,0
BRDA:41,0,1,0
BRDA:47,1,0,0
BRDA:47,1,1,0
BRDA:47,2,0,0
BRDA:47,2,1,0
BRDA:66,3,0,0
BRDA:66,3,1,0
BRF:8
BRH:0
end_of_record
TN:
SF:src\stores\patientStore.ts
FN:37,(anonymous_0)
FN:46,(anonymous_1)
FN:47,(anonymous_2)
FN:48,(anonymous_3)
FN:48,(anonymous_4)
FN:49,(anonymous_5)
FN:50,(anonymous_6)
FN:51,(anonymous_7)
FN:57,(anonymous_8)
FN:58,(anonymous_9)
FN:59,(anonymous_10)
FN:62,(anonymous_11)
FN:63,(anonymous_12)
FN:64,(anonymous_13)
FN:65,(anonymous_14)
FN:71,(anonymous_15)
FN:72,(anonymous_16)
FN:73,(anonymous_17)
FN:74,(anonymous_18)
FN:75,(anonymous_19)
FN:76,(anonymous_20)
FN:78,(anonymous_21)
FN:90,(anonymous_22)
FN:92,(anonymous_23)
FN:95,(anonymous_24)
FN:97,(anonymous_25)
FN:100,(anonymous_26)
FN:102,(anonymous_27)
FN:105,(anonymous_28)
FN:107,(anonymous_29)
FN:110,(anonymous_30)
FN:112,(anonymous_31)
FN:115,(anonymous_32)
FN:117,(anonymous_33)
FNF:34
FNH:0
FNDA:0,(anonymous_0)
FNDA:0,(anonymous_1)
FNDA:0,(anonymous_2)
FNDA:0,(anonymous_3)
FNDA:0,(anonymous_4)
FNDA:0,(anonymous_5)
FNDA:0,(anonymous_6)
FNDA:0,(anonymous_7)
FNDA:0,(anonymous_8)
FNDA:0,(anonymous_9)
FNDA:0,(anonymous_10)
FNDA:0,(anonymous_11)
FNDA:0,(anonymous_12)
FNDA:0,(anonymous_13)
FNDA:0,(anonymous_14)
FNDA:0,(anonymous_15)
FNDA:0,(anonymous_16)
FNDA:0,(anonymous_17)
FNDA:0,(anonymous_18)
FNDA:0,(anonymous_19)
FNDA:0,(anonymous_20)
FNDA:0,(anonymous_21)
FNDA:0,(anonymous_22)
FNDA:0,(anonymous_23)
FNDA:0,(anonymous_24)
FNDA:0,(anonymous_25)
FNDA:0,(anonymous_26)
FNDA:0,(anonymous_27)
FNDA:0,(anonymous_28)
FNDA:0,(anonymous_29)
FNDA:0,(anonymous_30)
FNDA:0,(anonymous_31)
FNDA:0,(anonymous_32)
FNDA:0,(anonymous_33)
DA:37,0
DA:46,0
DA:47,0
DA:48,0
DA:50,0
DA:51,0
DA:58,0
DA:59,0
DA:63,0
DA:65,0
DA:71,0
DA:72,0
DA:73,0
DA:74,0
DA:75,0
DA:77,0
DA:78,0
DA:80,0
DA:84,0
DA:85,0
DA:91,0
DA:92,0
DA:96,0
DA:97,0
DA:101,0
DA:102,0
DA:106,0
DA:107,0
DA:111,0
DA:112,0
DA:116,0
DA:117,0
LF:32
LH:0
BRDA:51,0,0,0
BRDA:51,0,1,0
BRDA:53,1,0,0
BRDA:53,1,1,0
BRDA:60,2,0,0
BRDA:60,2,1,0
BRDA:68,3,0,0
BRDA:68,3,1,0
BRDA:80,4,0,0
BRDA:80,4,1,0
BRDA:80,4,2,0
BRDA:80,4,3,0
BRDA:83,5,0,0
BRDA:83,5,1,0
BRDA:84,6,0,0
BRDA:84,6,1,0
BRDA:85,7,0,0
BRDA:85,7,1,0
BRF:18
BRH:0
end_of_record
TN:
SF:src\stores\settingsStore.ts
FN:26,(anonymous_0)
FN:35,(anonymous_1)
FN:36,(anonymous_2)
FN:37,(anonymous_3)
FN:38,(anonymous_4)
FN:39,(anonymous_5)
FN:40,(anonymous_6)
FN:41,(anonymous_7)
FN:42,(anonymous_8)
FNF:9
FNH:0
FNDA:0,(anonymous_0)
FNDA:0,(anonymous_1)
FNDA:0,(anonymous_2)
FNDA:0,(anonymous_3)
FNDA:0,(anonymous_4)
FNDA:0,(anonymous_5)
FNDA:0,(anonymous_6)
FNDA:0,(anonymous_7)
FNDA:0,(anonymous_8)
DA:24,0
DA:26,0
DA:35,0
DA:36,0
DA:37,0
DA:38,0
DA:39,0
DA:40,0
DA:41,0
DA:42,0
LF:10
LH:0
BRF:0
BRH:0
end_of_record
TN:
SF:src\stores\sheetIntegrationStore.ts
FN:53,extractSheetId
FN:71,(anonymous_1)
FN:87,(anonymous_2)
FN:88,(anonymous_3)
FN:89,(anonymous_4)
FN:91,(anonymous_5)
FN:92,(anonymous_6)
FN:93,(anonymous_7)
FN:94,(anonymous_8)
FN:94,(anonymous_9)
FN:95,(anonymous_10)
FN:96,(anonymous_11)
FN:97,(anonymous_12)
FN:102,(anonymous_13)
FN:103,(anonymous_14)
FN:104,(anonymous_15)
FN:105,(anonymous_16)
FN:106,(anonymous_17)
FN:107,(anonymous_18)
FN:109,(anonymous_19)
FN:124,(anonymous_20)
FNF:21
FNH:0
FNDA:0,extractSheetId
FNDA:0,(anonymous_1)
FNDA:0,(anonymous_2)
FNDA:0,(anonymous_3)
FNDA:0,(anonymous_4)
FNDA:0,(anonymous_5)
FNDA:0,(anonymous_6)
FNDA:0,(anonymous_7)
FNDA:0,(anonymous_8)
FNDA:0,(anonymous_9)
FNDA:0,(anonymous_10)
FNDA:0,(anonymous_11)
FNDA:0,(anonymous_12)
FNDA:0,(anonymous_13)
FNDA:0,(anonymous_14)
FNDA:0,(anonymous_15)
FNDA:0,(anonymous_16)
FNDA:0,(anonymous_17)
FNDA:0,(anonymous_18)
FNDA:0,(anonymous_19)
FNDA:0,(anonymous_20)
DA:54,0
DA:55,0
DA:58,0
DA:62,0
DA:69,0
DA:71,0
DA:87,0
DA:88,0
DA:89,0
DA:92,0
DA:94,0
DA:96,0
DA:98,0
DA:102,0
DA:103,0
DA:104,0
DA:105,0
DA:106,0
DA:107,0
DA:110,0
DA:125,0
DA:126,0
DA:129,0
DA:131,0
LF:24
LH:0
BRDA:55,0,0,0
BRDA:55,0,1,0
BRDA:98,1,0,0
BRDA:98,1,1,0
BRDA:126,2,0,0
BRDA:126,2,1,0
BRF:6
BRH:0
end_of_record
TN:
SF:src\stores\taskStore.ts
FN:25,(anonymous_0)
FN:32,(anonymous_1)
FN:32,(anonymous_2)
FN:33,(anonymous_3)
FN:34,(anonymous_4)
FN:37,(anonymous_5)
FN:38,(anonymous_6)
FN:40,(anonymous_7)
FN:41,(anonymous_8)
FN:43,(anonymous_9)
FN:44,(anonymous_10)
FN:44,(anonymous_11)
FN:45,(anonymous_12)
FN:46,(anonymous_13)
FN:47,(anonymous_14)
FN:48,(anonymous_15)
FN:49,(anonymous_16)
FN:50,(anonymous_17)
FN:52,(anonymous_18)
FN:59,(anonymous_19)
FN:60,(anonymous_20)
FNF:21
FNH:0
FNDA:0,(anonymous_0)
FNDA:0,(anonymous_1)
FNDA:0,(anonymous_2)
FNDA:0,(anonymous_3)
FNDA:0,(anonymous_4)
FNDA:0,(anonymous_5)
FNDA:0,(anonymous_6)
FNDA:0,(anonymous_7)
FNDA:0,(anonymous_8)
FNDA:0,(anonymous_9)
FNDA:0,(anonymous_10)
FNDA:0,(anonymous_11)
FNDA:0,(anonymous_12)
FNDA:0,(anonymous_13)
FNDA:0,(anonymous_14)
FNDA:0,(anonymous_15)
FNDA:0,(anonymous_16)
FNDA:0,(anonymous_17)
FNDA:0,(anonymous_18)
FNDA:0,(anonymous_19)
FNDA:0,(anonymous_20)
DA:25,0
DA:32,0
DA:34,0
DA:38,0
DA:40,0
DA:41,0
DA:44,0
DA:45,0
DA:46,0
DA:47,0
DA:48,0
DA:49,0
DA:51,0
DA:52,0
DA:53,0
DA:54,0
DA:55,0
DA:56,0
DA:60,0
LF:19
LH:0
BRDA:35,0,0,0
BRDA:35,0,1,0
BRDA:40,1,0,0
BRDA:40,1,1,0
BRDA:53,2,0,0
BRDA:53,2,1,0
BRDA:53,3,0,0
BRDA:53,3,1,0
BRDA:54,4,0,0
BRDA:54,4,1,0
BRDA:54,5,0,0
BRDA:54,5,1,0
BRDA:55,6,0,0
BRDA:55,6,1,0
BRDA:55,7,0,0
BRDA:55,7,1,0
BRDA:56,8,0,0
BRDA:56,8,1,0
BRDA:56,8,2,0
BRF:19
BRH:0
end_of_record
TN:
SF:src\stores\uiStore.ts
FN:28,(anonymous_0)
FN:34,(anonymous_1)
FN:35,(anonymous_2)
FN:35,(anonymous_3)
FN:36,(anonymous_4)
FN:37,(anonymous_5)
FN:38,(anonymous_6)
FN:40,(anonymous_7)
FN:42,(anonymous_8)
FN:43,(anonymous_9)
FN:43,(anonymous_10)
FN:47,(anonymous_11)
FN:47,(anonymous_12)
FN:47,(anonymous_13)
FN:48,(anonymous_14)
FN:48,(anonymous_15)
FNF:16
FNH:0
FNDA:0,(anonymous_0)
FNDA:0,(anonymous_1)
FNDA:0,(anonymous_2)
FNDA:0,(anonymous_3)
FNDA:0,(anonymous_4)
FNDA:0,(anonymous_5)
FNDA:0,(anonymous_6)
FNDA:0,(anonymous_7)
FNDA:0,(anonymous_8)
FNDA:0,(anonymous_9)
FNDA:0,(anonymous_10)
FNDA:0,(anonymous_11)
FNDA:0,(anonymous_12)
FNDA:0,(anonymous_13)
FNDA:0,(anonymous_14)
FNDA:0,(anonymous_15)
DA:26,0
DA:28,0
DA:34,0
DA:35,0
DA:36,0
DA:37,0
DA:39,0
DA:40,0
DA:41,0
DA:42,0
DA:43,0
DA:47,0
DA:48,0
DA:49,0
DA:50,0
LF:15
LH:0
BRDA:36,0,0,0
BRDA:36,0,1,0
BRDA:41,1,0,0
BRDA:41,1,1,0
BRDA:44,2,0,0
BRDA:44,2,1,0
BRDA:49,3,0,0
BRDA:49,3,1,0
BRF:8
BRH:0
end_of_record
TN:
SF:src\utils\criticalValues.ts
FN:12,(anonymous_0)
FN:31,(anonymous_1)
FN:36,(anonymous_2)
FN:39,(anonymous_3)
FN:42,(anonymous_4)
FN:47,(anonymous_5)
FN:48,(anonymous_6)
FN:49,(anonymous_7)
FN:53,(anonymous_8)
FN:55,(anonymous_9)
FN:56,(anonymous_10)
FNF:11
FNH:0
FNDA:0,(anonymous_0)
FNDA:0,(anonymous_1)
FNDA:0,(anonymous_2)
FNDA:0,(anonymous_3)
FNDA:0,(anonymous_4)
FNDA:0,(anonymous_5)
FNDA:0,(anonymous_6)
FNDA:0,(anonymous_7)
FNDA:0,(anonymous_8)
FNDA:0,(anonymous_9)
FNDA:0,(anonymous_10)
DA:12,0
DA:13,0
DA:15,0
DA:16,0
DA:17,0
DA:28,0
DA:31,0
DA:32,0
DA:33,0
DA:36,0
DA:37,0
DA:38,0
DA:39,0
DA:42,0
DA:43,0
DA:44,0
DA:47,0
DA:48,0
DA:49,0
DA:53,0
DA:54,0
DA:56,0
LF:22
LH:0
BRDA:15,0,0,0
BRDA:15,0,1,0
BRDA:16,1,0,0
BRDA:16,1,1,0
BRDA:16,2,0,0
BRDA:16,2,1,0
BRDA:32,3,0,0
BRDA:32,3,1,0
BRDA:38,4,0,0
BRDA:38,4,1,0
BRDA:39,5,0,0
BRDA:39,5,1,0
BRDA:43,6,0,0
BRDA:43,6,1,0
BRDA:48,7,0,0
BRDA:48,7,1,0
BRDA:49,8,0,0
BRDA:49,8,1,0
BRDA:49,9,0,0
BRDA:49,9,1,0
BRDA:54,10,0,0
BRDA:54,10,1,0
BRDA:56,11,0,0
BRDA:56,11,1,0
BRDA:56,12,0,0
BRDA:56,12,1,0
BRF:26
BRH:0
end_of_record
TN:
SF:src\utils\deltaEngine.ts
FN:26,(anonymous_0)
FN:37,(anonymous_1)
FN:74,(anonymous_2)
FN:78,(anonymous_3)
FN:86,(anonymous_4)
FN:98,(anonymous_5)
FN:112,(anonymous_6)
FN:121,(anonymous_7)
FNF:8
FNH:4
FNDA:6,(anonymous_0)
FNDA:5,(anonymous_1)
FNDA:0,(anonymous_2)
FNDA:0,(anonymous_3)
FNDA:0,(anonymous_4)
FNDA:0,(anonymous_5)
FNDA:4,(anonymous_6)
FNDA:3,(anonymous_7)
DA:13,1
DA:26,1
DA:30,6
DA:32,5
DA:34,5
DA:35,5
DA:37,5
DA:38,5
DA:40,4
DA:41,4
DA:43,4
DA:46,5
DA:48,5
DA:49,5
DA:50,5
DA:51,4
DA:52,2
DA:53,0
DA:54,0
DA:55,0
DA:56,0
DA:57,0
DA:60,4
DA:71,5
DA:74,1
DA:75,0
DA:77,0
DA:78,0
DA:79,0
DA:80,0
DA:84,0
DA:86,0
DA:88,0
DA:89,0
DA:90,0
DA:91,0
DA:94,0
DA:95,0
DA:96,0
DA:98,0
DA:99,0
DA:100,0
DA:102,0
DA:104,0
DA:112,1
DA:113,4
DA:114,1
DA:115,1
DA:116,1
DA:117,1
DA:121,1
DA:122,3
DA:123,1
DA:124,1
DA:125,1
LF:55
LH:31
BRDA:30,0,0,1
BRDA:30,0,1,5
BRDA:34,1,0,5
BRDA:34,1,1,0
BRDA:35,2,0,0
BRDA:35,2,1,5
BRDA:37,3,0,5
BRDA:37,3,1,0
BRDA:38,4,0,1
BRDA:38,4,1,4
BRDA:38,5,0,5
BRDA:38,5,1,4
BRDA:43,6,0,4
BRDA:43,6,1,0
BRDA:46,7,0,1
BRDA:46,7,1,3
BRDA:46,8,0,3
BRDA:46,8,1,0
BRDA:48,9,0,5
BRDA:48,9,1,0
BRDA:50,10,0,4
BRDA:50,10,1,0
BRDA:51,11,0,1
BRDA:51,11,1,3
BRDA:51,12,0,2
BRDA:51,12,1,1
BRDA:52,13,0,0
BRDA:52,13,1,1
BRDA:54,14,0,0
BRDA:54,14,1,0
BRDA:56,15,0,0
BRDA:56,15,1,0
BRDA:78,16,0,0
BRDA:78,16,1,0
BRDA:79,17,0,0
BRDA:79,17,1,0
BRDA:79,18,0,0
BRDA:79,18,1,0
BRDA:84,19,0,0
BRDA:84,19,1,0
BRDA:86,20,0,0
BRDA:86,20,1,0
BRDA:86,21,0,0
BRDA:86,21,1,0
BRDA:94,22,0,0
BRDA:94,22,1,0
BRDA:94,23,0,0
BRDA:94,23,1,0
BRDA:99,24,0,0
BRDA:99,24,1,0
BRDA:102,25,0,0
BRDA:102,25,1,0
BRDA:108,26,0,0
BRDA:108,26,1,0
BRDA:113,27,0,1
BRDA:113,27,1,1
BRDA:113,27,2,1
BRDA:113,27,3,1
BRDA:122,28,0,1
BRDA:122,28,1,1
BRDA:122,28,2,1
BRF:61
BRH:27
end_of_record
TN:
SF:src\utils\formatters.ts
FN:6,(anonymous_0)
FN:19,(anonymous_1)
FN:27,(anonymous_2)
FN:33,(anonymous_3)
FN:42,(anonymous_4)
FN:59,(anonymous_5)
FN:65,(anonymous_6)
FN:70,(anonymous_7)
FN:75,(anonymous_8)
FN:80,(anonymous_9)
FNF:10
FNH:7
FNDA:0,(anonymous_0)
FNDA:0,(anonymous_1)
FNDA:0,(anonymous_2)
FNDA:3,(anonymous_3)
FNDA:4,(anonymous_4)
FNDA:4,(anonymous_5)
FNDA:3,(anonymous_6)
FNDA:3,(anonymous_7)
FNDA:3,(anonymous_8)
FNDA:2,(anonymous_9)
DA:6,1
DA:7,0
DA:8,0
DA:9,0
DA:10,0
DA:11,0
DA:13,0
DA:14,0
DA:16,0
DA:19,1
DA:20,0
DA:21,0
DA:22,0
DA:23,0
DA:24,0
DA:27,1
DA:28,0
DA:29,0
DA:30,0
DA:33,1
DA:34,3
DA:35,2
DA:36,2
DA:38,1
DA:42,1
DA:43,4
DA:44,2
DA:45,2
DA:46,2
DA:47,1
DA:48,1
DA:49,1
DA:50,1
DA:51,0
DA:53,1
DA:55,0
DA:59,1
DA:60,4
DA:61,4
DA:62,4
DA:65,1
DA:66,3
DA:67,2
DA:70,1
DA:71,3
DA:72,2
DA:75,1
DA:76,3
DA:77,3
DA:80,1
DA:81,2
DA:82,2
LF:52
LH:34
BRDA:7,0,0,0
BRDA:7,0,1,0
BRDA:8,1,0,0
BRDA:8,1,1,0
BRDA:9,2,0,0
BRDA:9,2,1,0
BRDA:9,3,0,0
BRDA:9,3,1,0
BRDA:11,4,0,0
BRDA:11,4,1,0
BRDA:13,5,0,0
BRDA:13,5,1,0
BRDA:13,6,0,0
BRDA:13,6,1,0
BRDA:13,6,2,0
BRDA:21,7,0,0
BRDA:21,7,1,0
BRDA:22,8,0,0
BRDA:22,8,1,0
BRDA:23,9,0,0
BRDA:23,9,1,0
BRDA:29,10,0,0
BRDA:29,10,1,0
BRDA:34,11,0,1
BRDA:34,11,1,2
BRDA:43,12,0,2
BRDA:43,12,1,2
BRDA:46,13,0,1
BRDA:46,13,1,1
BRDA:50,14,0,0
BRDA:50,14,1,1
BRDA:50,15,0,1
BRDA:50,15,1,1
BRDA:50,15,2,0
BRDA:60,16,0,4
BRDA:60,16,1,2
BRDA:61,17,0,4
BRDA:61,17,1,2
BRDA:66,18,0,1
BRDA:66,18,1,2
BRDA:70,19,0,3
BRDA:71,20,0,1
BRDA:71,20,1,2
BRDA:76,21,0,1
BRDA:76,21,1,2
BRDA:81,22,0,1
BRDA:81,22,1,1
BRF:47
BRH:22
end_of_record
TN:
SF:src\utils\gfrCalculator.ts
FN:2,(anonymous_0)
FN:28,(anonymous_1)
FN:37,(anonymous_2)
FNF:3
FNH:3
FNDA:8,(anonymous_0)
FNDA:6,(anonymous_1)
FNDA:2,(anonymous_2)
DA:2,1
DA:9,8
DA:10,2
DA:11,2
DA:12,2
DA:14,6
DA:15,6
DA:16,6
DA:19,8
DA:20,8
DA:21,8
DA:23,8
DA:25,8
DA:28,1
DA:29,6
DA:30,5
DA:31,4
DA:32,3
DA:33,2
DA:34,1
DA:37,1
DA:38,2
DA:39,1
LF:23
LH:23
BRDA:9,0,0,2
BRDA:9,0,1,6
BRDA:29,1,0,1
BRDA:29,1,1,5
BRDA:30,2,0,1
BRDA:30,2,1,4
BRDA:31,3,0,1
BRDA:31,3,1,3
BRDA:32,4,0,1
BRDA:32,4,1,2
BRDA:33,5,0,1
BRDA:33,5,1,1
BRDA:38,6,0,1
BRDA:38,6,1,1
BRF:14
BRH:14
end_of_record
TN:
SF:src\utils\haptics.ts
FN:20,triggerHaptic
FN:30,(anonymous_1)
FN:31,(anonymous_2)
FN:32,(anonymous_3)
FN:33,(anonymous_4)
FN:34,(anonymous_5)
FN:35,(anonymous_6)
FNF:7
FNH:0
FNDA:0,triggerHaptic
FNDA:0,(anonymous_1)
FNDA:0,(anonymous_2)
FNDA:0,(anonymous_3)
FNDA:0,(anonymous_4)
FNDA:0,(anonymous_5)
FNDA:0,(anonymous_6)
DA:10,0
DA:21,0
DA:22,0
DA:23,0
DA:29,0
DA:30,0
DA:31,0
DA:32,0
DA:33,0
DA:34,0
DA:35,0
LF:11
LH:0
BRDA:21,0,0,0
BRDA:21,0,1,0
BRDA:21,1,0,0
BRDA:21,1,1,0
BRDA:23,2,0,0
BRDA:23,2,1,0
BRF:6
BRH:0
end_of_record
TN:
SF:src\utils\labGrouping.ts
FN:22,normalizeCode
FN:26,groupLabResults
FN:33,(anonymous_2)
FN:36,(anonymous_3)
FN:47,(anonymous_4)
FNF:5
FNH:0
FNDA:0,normalizeCode
FNDA:0,groupLabResults
FNDA:0,(anonymous_2)
FNDA:0,(anonymous_3)
FNDA:0,(anonymous_4)
DA:8,0
DA:23,0
DA:27,0
DA:28,0
DA:31,0
DA:32,0
DA:33,0
DA:34,0
DA:35,0
DA:36,0
DA:37,0
DA:38,0
DA:41,0
DA:42,0
DA:47,0
DA:48,0
DA:49,0
DA:53,0
DA:54,0
DA:55,0
DA:56,0
DA:57,0
DA:60,0
DA:61,0
DA:64,0
LF:25
LH:0
BRDA:34,0,0,0
BRDA:34,0,1,0
BRDA:35,1,0,0
BRDA:35,1,1,0
BRDA:36,2,0,0
BRDA:36,2,1,0
BRDA:36,3,0,0
BRDA:36,3,1,0
BRDA:36,3,2,0
BRDA:41,4,0,0
BRDA:41,4,1,0
BRDA:48,5,0,0
BRDA:48,5,1,0
BRDA:56,6,0,0
BRDA:56,6,1,0
BRDA:60,7,0,0
BRDA:60,7,1,0
BRF:17
BRH:0
end_of_record
TN:
SF:src\utils\labUtils.ts
FN:53,(anonymous_0)
FN:61,(anonymous_1)
FN:75,(anonymous_2)
FN:89,(anonymous_3)
FNF:4
FNH:0
FNDA:0,(anonymous_0)
FNDA:0,(anonymous_1)
FNDA:0,(anonymous_2)
FNDA:0,(anonymous_3)
DA:13,0
DA:53,0
DA:54,0
DA:55,0
DA:56,0
DA:57,0
DA:58,0
DA:61,0
DA:62,0
DA:65,0
DA:67,0
DA:69,0
DA:71,0
DA:75,0
DA:76,0
DA:79,0
DA:81,0
DA:83,0
DA:85,0
DA:89,0
DA:90,0
DA:91,0
DA:92,0
DA:93,0
DA:94,0
DA:95,0
LF:26
LH:0
BRDA:54,0,0,0
BRDA:54,0,1,0
BRDA:54,1,0,0
BRDA:54,1,1,0
BRDA:55,2,0,0
BRDA:55,2,1,0
BRDA:55,3,0,0
BRDA:55,3,1,0
BRDA:56,4,0,0
BRDA:56,4,1,0
BRDA:57,5,0,0
BRDA:57,5,1,0
BRDA:62,6,0,0
BRDA:62,6,1,0
BRDA:62,6,2,0
BRDA:62,6,3,0
BRDA:62,6,4,0
BRDA:76,7,0,0
BRDA:76,7,1,0
BRDA:76,7,2,0
BRDA:76,7,3,0
BRDA:76,7,4,0
BRDA:90,8,0,0
BRDA:90,8,1,0
BRDA:90,8,2,0
BRDA:90,8,3,0
BRDA:90,8,4,0
BRF:27
BRH:0
end_of_record
TN:
SF:src\utils\safetyValidators.ts
FN:31,validatePatientSafety
FN:137,validateClerkingNote
FN:176,(anonymous_2)
FN:263,validateTask
FNF:4
FNH:0
FNDA:0,validatePatientSafety
FNDA:0,validateClerkingNote
FNDA:0,(anonymous_2)
FNDA:0,validateTask
DA:32,0
DA:33,0
DA:36,0
DA:37,0
DA:46,0
DA:47,0
DA:56,0
DA:57,0
DA:66,0
DA:67,0
DA:76,0
DA:77,0
DA:86,0
DA:87,0
DA:96,0
DA:97,0
DA:106,0
DA:107,0
DA:116,0
DA:117,0
DA:125,0
DA:138,0
DA:139,0
DA:142,0
DA:143,0
DA:152,0
DA:153,0
DA:162,0
DA:167,0
DA:176,0
DA:177,0
DA:186,0
DA:187,0
DA:196,0
DA:197,0
DA:206,0
DA:210,0
DA:219,0
DA:220,0
DA:229,0
DA:230,0
DA:239,0
DA:243,0
DA:251,0
DA:269,0
DA:270,0
DA:272,0
DA:273,0
DA:281,0
DA:282,0
DA:290,0
DA:291,0
DA:299,0
DA:300,0
DA:308,0
LF:55
LH:0
BRDA:36,0,0,0
BRDA:36,0,1,0
BRDA:36,1,0,0
BRDA:36,1,1,0
BRDA:46,2,0,0
BRDA:46,2,1,0
BRDA:46,3,0,0
BRDA:46,3,1,0
BRDA:56,4,0,0
BRDA:56,4,1,0
BRDA:56,5,0,0
BRDA:56,5,1,0
BRDA:66,6,0,0
BRDA:66,6,1,0
BRDA:66,7,0,0
BRDA:66,7,1,0
BRDA:76,8,0,0
BRDA:76,8,1,0
BRDA:76,9,0,0
BRDA:76,9,1,0
BRDA:86,10,0,0
BRDA:86,10,1,0
BRDA:86,11,0,0
BRDA:86,11,1,0
BRDA:96,12,0,0
BRDA:96,12,1,0
BRDA:96,13,0,0
BRDA:96,13,1,0
BRDA:106,14,0,0
BRDA:106,14,1,0
BRDA:106,15,0,0
BRDA:106,15,1,0
BRDA:116,16,0,0
BRDA:116,16,1,0
BRDA:116,17,0,0
BRDA:116,17,1,0
BRDA:126,18,0,0
BRDA:126,18,1,0
BRDA:142,19,0,0
BRDA:142,19,1,0
BRDA:142,20,0,0
BRDA:142,20,1,0
BRDA:152,21,0,0
BRDA:152,21,1,0
BRDA:152,22,0,0
BRDA:152,22,1,0
BRDA:162,23,0,0
BRDA:162,23,1,0
BRDA:163,24,0,0
BRDA:163,24,1,0
BRDA:163,24,2,0
BRDA:176,25,0,0
BRDA:176,25,1,0
BRDA:176,26,0,0
BRDA:176,26,1,0
BRDA:186,27,0,0
BRDA:186,27,1,0
BRDA:186,28,0,0
BRDA:186,28,1,0
BRDA:196,29,0,0
BRDA:196,29,1,0
BRDA:196,30,0,0
BRDA:196,30,1,0
BRDA:206,31,0,0
BRDA:206,31,1,0
BRDA:207,32,0,0
BRDA:207,32,1,0
BRDA:219,33,0,0
BRDA:219,33,1,0
BRDA:219,34,0,0
BRDA:219,34,1,0
BRDA:229,35,0,0
BRDA:229,35,1,0
BRDA:229,36,0,0
BRDA:229,36,1,0
BRDA:239,37,0,0
BRDA:239,37,1,0
BRDA:240,38,0,0
BRDA:240,38,1,0
BRDA:252,39,0,0
BRDA:252,39,1,0
BRDA:272,40,0,0
BRDA:272,40,1,0
BRDA:272,41,0,0
BRDA:272,41,1,0
BRDA:281,42,0,0
BRDA:281,42,1,0
BRDA:281,43,0,0
BRDA:281,43,1,0
BRDA:290,44,0,0
BRDA:290,44,1,0
BRDA:290,45,0,0
BRDA:290,45,1,0
BRDA:299,46,0,0
BRDA:299,46,1,0
BRDA:299,47,0,0
BRDA:299,47,1,0
BRDA:309,48,0,0
BRDA:309,48,1,0
BRF:99
BRH:0
end_of_record
TN:
SF:src\utils\taskLifecycle.ts
FN:8,(anonymous_0)
FN:21,(anonymous_1)
FN:35,(anonymous_2)
FN:44,(anonymous_3)
FNF:4
FNH:0
FNDA:0,(anonymous_0)
FNDA:0,(anonymous_1)
FNDA:0,(anonymous_2)
FNDA:0,(anonymous_3)
DA:4,0
DA:8,0
DA:9,0
DA:10,0
DA:11,0
DA:12,0
DA:13,0
DA:15,0
DA:16,0
DA:18,0
DA:21,0
DA:24,0
DA:26,0
DA:27,0
DA:29,0
DA:30,0
DA:32,0
DA:35,0
DA:39,0
DA:40,0
DA:41,0
DA:44,0
DA:47,0
LF:23
LH:0
BRDA:9,0,0,0
BRDA:9,0,1,0
BRDA:10,1,0,0
BRDA:10,1,1,0
BRDA:11,2,0,0
BRDA:11,2,1,0
BRDA:11,3,0,0
BRDA:11,3,1,0
BRDA:13,4,0,0
BRDA:13,4,1,0
BRDA:15,5,0,0
BRDA:15,5,1,0
BRDA:15,6,0,0
BRDA:15,6,1,0
BRDA:15,6,2,0
BRDA:24,7,0,0
BRDA:24,7,1,0
BRDA:24,8,0,0
BRDA:24,8,1,0
BRDA:27,9,0,0
BRDA:27,9,1,0
BRDA:30,10,0,0
BRDA:30,10,1,0
BRDA:37,11,0,0
BRDA:40,12,0,0
BRDA:40,12,1,0
BRDA:46,13,0,0
BRF:27
BRH:0
end_of_record
TN:
SF:src\utils\uiEffects.ts
FN:14,debounce
FN:20,(anonymous_1)
FN:29,(anonymous_2)
FN:43,typeWriterEffect
FN:62,type
FN:116,showSkeletonLoader
FN:126,hideSkeletonLoader
FN:136,(anonymous_7)
FN:149,throttle
FN:155,(anonymous_9)
FN:162,(anonymous_10)
FN:173,formatRelativeTime
FNF:12
FNH:0
FNDA:0,debounce
FNDA:0,(anonymous_1)
FNDA:0,(anonymous_2)
FNDA:0,typeWriterEffect
FNDA:0,type
FNDA:0,showSkeletonLoader
FNDA:0,hideSkeletonLoader
FNDA:0,(anonymous_7)
FNDA:0,throttle
FNDA:0,(anonymous_9)
FNDA:0,(anonymous_10)
FNDA:0,formatRelativeTime
DA:18,0
DA:20,0
DA:21,0
DA:24,0
DA:25,0
DA:29,0
DA:30,0
DA:49,0
DA:52,0
DA:54,0
DA:55,0
DA:57,0
DA:60,0
DA:63,0
DA:65,0
DA:67,0
DA:68,0
DA:70,0
DA:72,0
DA:75,0
DA:80,0
DA:81,0
DA:84,0
DA:85,0
DA:89,0
DA:90,0
DA:97,0
DA:117,0
DA:118,0
DA:130,0
DA:132,0
DA:133,0
DA:134,0
DA:136,0
DA:137,0
DA:138,0
DA:155,0
DA:156,0
DA:158,0
DA:159,0
DA:160,0
DA:162,0
DA:163,0
DA:174,0
DA:175,0
DA:176,0
DA:177,0
DA:178,0
DA:179,0
DA:180,0
DA:182,0
DA:183,0
DA:184,0
DA:185,0
DA:186,0
DA:189,0
LF:56
LH:0
BRDA:24,0,0,0
BRDA:24,0,1,0
BRDA:46,1,0,0
BRDA:49,2,0,0
BRDA:49,2,1,0
BRDA:49,3,0,0
BRDA:49,3,1,0
BRDA:52,4,0,0
BRDA:52,4,1,0
BRDA:54,5,0,0
BRDA:54,5,1,0
BRDA:63,6,0,0
BRDA:63,6,1,0
BRDA:67,7,0,0
BRDA:67,7,1,0
BRDA:85,8,0,0
BRDA:85,8,1,0
BRDA:117,9,0,0
BRDA:117,9,1,0
BRDA:130,10,0,0
BRDA:130,10,1,0
BRDA:133,11,0,0
BRDA:133,11,1,0
BRDA:138,12,0,0
BRDA:138,12,1,0
BRDA:158,13,0,0
BRDA:158,13,1,0
BRDA:175,14,0,0
BRDA:175,14,1,0
BRDA:182,15,0,0
BRDA:182,15,1,0
BRDA:183,16,0,0
BRDA:183,16,1,0
BRDA:184,17,0,0
BRDA:184,17,1,0
BRDA:185,18,0,0
BRDA:185,18,1,0
BRDA:186,19,0,0
BRDA:186,19,1,0
BRF:39
BRH:0
end_of_record
TN:
SF:src\utils\validators.ts
FN:1,(anonymous_0)
FN:5,(anonymous_1)
FN:9,(anonymous_2)
FN:13,(anonymous_3)
FN:17,(anonymous_4)
FN:28,(anonymous_5)
FNF:6
FNH:6
FNDA:9,(anonymous_0)
FNDA:8,(anonymous_1)
FNDA:3,(anonymous_2)
FNDA:3,(anonymous_3)
FNDA:4,(anonymous_4)
FNDA:4,(anonymous_5)
DA:1,1
DA:2,9
DA:5,1
DA:6,8
DA:9,1
DA:10,3
DA:13,1
DA:14,3
DA:17,1
DA:18,4
DA:19,3
DA:20,2
DA:28,1
DA:29,4
DA:32,4
DA:33,4
DA:34,1
DA:42,4
DA:43,4
DA:44,1
DA:49,4
LF:21
LH:21
BRDA:18,0,0,1
BRDA:18,0,1,3
BRDA:18,1,0,4
BRDA:18,1,1,3
BRDA:19,2,0,1
BRDA:19,2,1,2
BRDA:19,3,0,3
BRDA:19,3,1,2
BRDA:32,4,0,4
BRDA:32,4,1,1
BRDA:33,5,0,1
BRDA:33,5,1,3
BRDA:33,6,0,4
BRDA:33,6,1,3
BRDA:42,7,0,4
BRDA:42,7,1,1
BRDA:43,8,0,1
BRDA:43,8,1,3
BRDA:43,9,0,4
BRDA:43,9,1,3
BRF:20
BRH:20
end_of_record
